Time   1: PC=0x1002 instruction = 0x0000 (NOP)
Time   3: PC=0x1003 instruction = 0x8100 (LDA): M[0x1000] -> 0xFFFF, 0xFFFF -> A
Time   4: PC=0x1004 instruction = 0xEB80 (AND): A -> 0xFFFF, A -> 0xFFFF, 0xFFFF -> SP
Time   6: PC=0x1005 instruction = 0x8D01 (LDD): M[0x1001] -> 0xFF00, 0xFF00 -> D
Time   7: PC=0x1006 instruction = 0xEDDB (OR): D -> 0xFF00, D -> 0xFF00, 0xFF00 -> SPL
Time  10: PC=0x1007 instruction = 0xBA42 (I CALL): M[0x0042] -> 0x103E, 0x1008 -> M[0xFFFF], 0xFFFE -> SP, 0x103E -> PC
Time  12: PC=0x103E instruction = 0x0002 (RET): SP -> 0xFFFE, 0xFFFF -> SP, M[0xFFFF] -> 0x1008, 0x1008 -> PC
Time  13: PC=0x1008 instruction = 0xF021 (CLA INA): 0x0000 -> A, A -> 0x0000, 0x0001 -> A
Time  14: PC=0x1009 instruction = 0xF422 (CLB DCB): 0x0000 -> B, B -> 0x0000, 0xFFFF -> B
Time  15: PC=0x100A instruction = 0xF828 (CLC CMC): 0x0000 -> C, C -> 0x0000, 0xFFFF -> C
Time  16: PC=0x100B instruction = 0xFC2A (CLD CMD DCD): 0x0000 -> D, D -> 0x0000, 0xFFFF -> D, D -> 0xFFFF, 0xFFFE -> D
Time  18: PC=0x100C instruction = 0x114F (ADDA): A -> 0x0001, M[0x104F] -> 0x7FFF, 0x0001 -> L, 0x8000 -> A
Time  20: PC=0x100D instruction = 0x114F (ADDA): A -> 0x8000, M[0x104F] -> 0x7FFF, 0xFFFF -> A
Time  22: PC=0x100E instruction = 0x254E (SUBB): B -> 0xFFFF, M[0x104E] -> 0x0A52, 0xF5AD -> B
Time  24: PC=0x100F instruction = 0x854D (LDB): M[0x104D] -> 0x00AA, 0x00AA -> B
Time  26: PC=0x1010 instruction = 0x354C (MULB): B -> 0x00AA, M[0x104C] -> 0x0010, 0x0AA0 -> B
Time  28: PC=0x1011 instruction = 0x454C (DIVB): B -> 0x0AA0, M[0x104C] -> 0x0010, 0x00AA -> B
Time  31: PC=0x1012 instruction = 0x4641 (I DIVB): M[0x0041] -> 0x0040, B -> 0x00AA, M[0x0040] -> 0x0000, 0x0001 -> L, 0x0000 -> B
Time  33: PC=0x1013 instruction = 0x5D4E (ANDD): D -> 0xFFFE, M[0x104E] -> 0x0A52, 0x0A52 -> D
Time  35: PC=0x1014 instruction = 0x614E (ORA): A -> 0xFFFF, M[0x104E] -> 0x0A52, 0xFFFF -> A
Time  37: PC=0x1015 instruction = 0x794E (XORC): C -> 0xFFFF, M[0x104E] -> 0x0A52, 0xF5AD -> C
Time  38: PC=0x1016 instruction = 0xEE00 (XOR): A -> 0xFFFF, A -> 0xFFFF, 0x0000 -> A
Time  39: PC=0x1017 instruction = 0xEC09 (OR): B -> 0x0000, B -> 0x0000, 0x0000 -> A
Time  40: PC=0x1018 instruction = 0xEABF (AND): SPL -> 0xFF00, SPL -> 0xFF00, 0xFF00 -> C
Time  41: PC=0x1019 instruction = 0xECF6 (OR): SP -> 0xFFFF, SP -> 0xFFFF, 0xFFFF -> D
Time  42: PC=0x101A instruction = 0xE45A (SUB): D -> 0xFFFF, C -> 0xFF00, 0x00FF -> B
Time  43: PC=0x101B instruction = 0xEC64 (OR): PC -> 0x101C, PC -> 0x101C, 0x101C -> B
Time  45: PC=0x101C instruction = 0xB940 (CALL): 0x101D -> M[0xFFFF], 0xFFFE -> SP, 0x1040 -> PC
Time  48: PC=0x1040 instruction = 0xC53F (POP): SP -> 0xFFFE, 0xFFFF -> SP, M[0xFFFF] -> 0x101D, 0x101D -> M[0x103F]
Time  50: PC=0x1041 instruction = 0x813F (LDA): M[0x103F] -> 0x101D, 0x101D -> A
Time  51: PC=0x1042 instruction = 0xED00 (OR): A -> 0x101D, A -> 0x101D, 0x101D -> PC
Time  52: PC=0x101D instruction = 0xE481 (SUB): A -> 0x101D, B -> 0x101C, 0x0001 -> C
Time  54: PC=0x101E instruction = 0x394C (MULC): C -> 0x0001, M[0x104C] -> 0x0010, 0x0010 -> C
Time  55: PC=0x101F instruction = 0xFC21 (CLD IND): 0x0000 -> D, D -> 0x0000, 0x0001 -> D
Time  56: PC=0x1020 instruction = 0xFC01 (IND): D -> 0x0001, 0x0002 -> D
Time  57: PC=0x1021 instruction = 0xE053 (MOD): C -> 0x0010, D -> 0x0002, 0x0000 -> B
Time  58: PC=0x1022 instruction = 0xE813 (DIV): C -> 0x0010, D -> 0x0002, 0x0008 -> A
Time  60: PC=0x1023 instruction = 0x814D (LDA): M[0x104D] -> 0x00AA, 0x00AA -> A
Time  61: PC=0x1024 instruction = 0xFC22 (CLD DCD): 0x0000 -> D, D -> 0x0000, 0xFFFF -> D
Time  62: PC=0x1025 instruction = 0xE843 (DIV): A -> 0x00AA, D -> 0xFFFF, 0xFF56 -> B
Time  63: PC=0x1026 instruction = 0xE043 (MOD): A -> 0x00AA, D -> 0xFFFF, 0x0000 -> B
Time  64: PC=0x1027 instruction = 0xFC20 (CLD): 0x0000 -> D
Time  65: PC=0x1028 instruction = 0xE043 (MOD): A -> 0x00AA, D -> 0x0000, 0x0001 -> L, 0x0000 -> B
Time  66: PC=0x1029 instruction = 0xE200 (ADD): A -> 0x00AA, A -> 0x00AA, 0x0154 -> A
Time  67: PC=0x102A instruction = 0xE600 (MUL): A -> 0x0154, A -> 0x0154, 0x0001 -> L, 0xC390 -> A
Time  68: PC=0x102B instruction = 0xE8DB (DIV): D -> 0x0000, D -> 0x0000, 0x0001 -> L, 0x0000 -> D
Time  71: PC=0x102C instruction = 0xC14D (PUSH): M[0x104D] -> 0x00AA, 0x00AA -> M[0xFFFF], 0xFFFE -> SP
Time  74: PC=0x102D instruction = 0xC54D (POP): SP -> 0xFFFE, 0xFFFF -> SP, M[0xFFFF] -> 0x00AA, 0x00AA -> M[0x104D]
Time  75: PC=0x102E instruction = 0xF02A (CLA CMA DCA): 0x0000 -> A, A -> 0x0000, 0xFFFF -> A, A -> 0xFFFF, 0xFFFE -> A
Time  77: PC=0x102F instruction = 0x9132 (STA): A -> 0xFFFE, 0xFFFE -> M[0x1032]
Time  80: PC=0x1030 instruction = 0xB132 (ISZ): M[0x1032] -> 0xFFFE, 0xFFFF -> M[0x1032]
Time  83: PC=0x1031 instruction = 0xB132 (ISZ): M[0x1032] -> 0xFFFF, 0x0000 -> M[0x1032], 0x1033 -> PC
Time  84: PC=0x1033 instruction = 0xF300 (SMA SZA): A -> 0xFFFE, 0x1035 -> PC
Time  85: PC=0x1035 instruction = 0xF340 (SMA SZA RSS): A -> 0xFFFE
Time  86: PC=0x1036 instruction = 0x0000 (NOP)
Time  87: PC=0x1037 instruction = 0xF0D4 (SNL RSS CLL CML)
Time  88: PC=0x1038 instruction = 0x0000 (NOP)
Time  89: PC=0x1039 instruction = 0xF0C0 (SNL RSS)
Time  90: PC=0x103A instruction = 0x0000 (NOP)
Time  92: PC=0x103B instruction = 0x8150 (LDA): M[0x1050] -> 0x1051, 0x1051 -> A
Time  94: PC=0x103C instruction = 0xB945 (CALL): 0x103D -> M[0xFFFF], 0xFFFE -> SP, 0x1045 -> PC
Time  96: PC=0x1045 instruction = 0x9144 (STA): A -> 0x1051, 0x1051 -> M[0x1044]
Time  99: PC=0x1046 instruction = 0x8344 (I LDA): M[0x1044] -> 0x1051, M[0x1051] -> 0x0044, 0x0044 -> A
Time 100: PC=0x1047 instruction = 0xF140 (SZA RSS): A -> 0x0044, 0x1049 -> PC
Time 101: PC=0x1049 instruction = 0xA020 (IOT 4): A -> 0x0044
Time 104: PC=0x104A instruction = 0xB144 (ISZ): M[0x1044] -> 0x1051, 0x1052 -> M[0x1044]
Time 105: PC=0x104B instruction = 0xB546 (JMP): 0x1046 -> PC
Time 108: PC=0x1046 instruction = 0x8344 (I LDA): M[0x1044] -> 0x1052, M[0x1052] -> 0x006F, 0x006F -> A
Time 109: PC=0x1047 instruction = 0xF140 (SZA RSS): A -> 0x006F, 0x1049 -> PC
Time 110: PC=0x1049 instruction = 0xA020 (IOT 4): A -> 0x006F
Time 113: PC=0x104A instruction = 0xB144 (ISZ): M[0x1044] -> 0x1052, 0x1053 -> M[0x1044]
Time 114: PC=0x104B instruction = 0xB546 (JMP): 0x1046 -> PC
Time 117: PC=0x1046 instruction = 0x8344 (I LDA): M[0x1044] -> 0x1053, M[0x1053] -> 0x006E, 0x006E -> A
Time 118: PC=0x1047 instruction = 0xF140 (SZA RSS): A -> 0x006E, 0x1049 -> PC
Time 119: PC=0x1049 instruction = 0xA020 (IOT 4): A -> 0x006E
Time 122: PC=0x104A instruction = 0xB144 (ISZ): M[0x1044] -> 0x1053, 0x1054 -> M[0x1044]
Time 123: PC=0x104B instruction = 0xB546 (JMP): 0x1046 -> PC
Time 126: PC=0x1046 instruction = 0x8344 (I LDA): M[0x1044] -> 0x1054, M[0x1054] -> 0x0065, 0x0065 -> A
Time 127: PC=0x1047 instruction = 0xF140 (SZA RSS): A -> 0x0065, 0x1049 -> PC
Time 128: PC=0x1049 instruction = 0xA020 (IOT 4): A -> 0x0065
Time 131: PC=0x104A instruction = 0xB144 (ISZ): M[0x1044] -> 0x1054, 0x1055 -> M[0x1044]
Time 132: PC=0x104B instruction = 0xB546 (JMP): 0x1046 -> PC
Time 135: PC=0x1046 instruction = 0x8344 (I LDA): M[0x1044] -> 0x1055, M[0x1055] -> 0x000A, 0x000A -> A
Time 136: PC=0x1047 instruction = 0xF140 (SZA RSS): A -> 0x000A, 0x1049 -> PC
Time 137: PC=0x1049 instruction = 0xA020 (IOT 4): A -> 0x000A
Time 140: PC=0x104A instruction = 0xB144 (ISZ): M[0x1044] -> 0x1055, 0x1056 -> M[0x1044]
Time 141: PC=0x104B instruction = 0xB546 (JMP): 0x1046 -> PC
Time 144: PC=0x1046 instruction = 0x8344 (I LDA): M[0x1044] -> 0x1056, M[0x1056] -> 0x0000, 0x0000 -> A
Time 145: PC=0x1047 instruction = 0xF140 (SZA RSS): A -> 0x0000
Time 147: PC=0x1048 instruction = 0x0002 (RET): SP -> 0xFFFE, 0xFFFF -> SP, M[0xFFFF] -> 0x103D, 0x103D -> PC
Time 148: PC=0x103D instruction = 0x0001 (HLT): PSW -> 0x0001, 0x0000 -> PSW
