Time   2: PC=0x0143 instruction = 0x8180 (LDA): M[0x0180] -> 0x0181, 0x0181 -> A
Time   4: PC=0x0144 instruction = 0xB901 (CALL): 0x0145 -> M[0x0000], 0xFFFF -> SP, 0x0101 -> PC
Time   6: PC=0x0101 instruction = 0x9100 (STA): A -> 0x0181, 0x0181 -> M[0x0100]
Time   9: PC=0x0102 instruction = 0x8300 (I LDA): M[0x0100] -> 0x0181, M[0x0181] -> 0x0050, 0x0050 -> A
Time  10: PC=0x0103 instruction = 0xF140 (SZA RSS): A -> 0x0050, 0x0105 -> PC
Time  11: PC=0x0105 instruction = 0xA020 (IOT 4): A -> 0x0050
Time  14: PC=0x0106 instruction = 0xB100 (ISZ): M[0x0100] -> 0x0181, 0x0182 -> M[0x0100]
Time  15: PC=0x0107 instruction = 0xB502 (JMP): 0x0102 -> PC
Time  18: PC=0x0102 instruction = 0x8300 (I LDA): M[0x0100] -> 0x0182, M[0x0182] -> 0x006C, 0x006C -> A
Time  19: PC=0x0103 instruction = 0xF140 (SZA RSS): A -> 0x006C, 0x0105 -> PC
Time  20: PC=0x0105 instruction = 0xA020 (IOT 4): A -> 0x006C
Time  23: PC=0x0106 instruction = 0xB100 (ISZ): M[0x0100] -> 0x0182, 0x0183 -> M[0x0100]
Time  24: PC=0x0107 instruction = 0xB502 (JMP): 0x0102 -> PC
Time  27: PC=0x0102 instruction = 0x8300 (I LDA): M[0x0100] -> 0x0183, M[0x0183] -> 0x0065, 0x0065 -> A
Time  28: PC=0x0103 instruction = 0xF140 (SZA RSS): A -> 0x0065, 0x0105 -> PC
Time  29: PC=0x0105 instruction = 0xA020 (IOT 4): A -> 0x0065
Time  32: PC=0x0106 instruction = 0xB100 (ISZ): M[0x0100] -> 0x0183, 0x0184 -> M[0x0100]
Time  33: PC=0x0107 instruction = 0xB502 (JMP): 0x0102 -> PC
Time  36: PC=0x0102 instruction = 0x8300 (I LDA): M[0x0100] -> 0x0184, M[0x0184] -> 0x0061, 0x0061 -> A
Time  37: PC=0x0103 instruction = 0xF140 (SZA RSS): A -> 0x0061, 0x0105 -> PC
Time  38: PC=0x0105 instruction = 0xA020 (IOT 4): A -> 0x0061
Time  41: PC=0x0106 instruction = 0xB100 (ISZ): M[0x0100] -> 0x0184, 0x0185 -> M[0x0100]
Time  42: PC=0x0107 instruction = 0xB502 (JMP): 0x0102 -> PC
Time  45: PC=0x0102 instruction = 0x8300 (I LDA): M[0x0100] -> 0x0185, M[0x0185] -> 0x0073, 0x0073 -> A
Time  46: PC=0x0103 instruction = 0xF140 (SZA RSS): A -> 0x0073, 0x0105 -> PC
Time  47: PC=0x0105 instruction = 0xA020 (IOT 4): A -> 0x0073
Time  50: PC=0x0106 instruction = 0xB100 (ISZ): M[0x0100] -> 0x0185, 0x0186 -> M[0x0100]
Time  51: PC=0x0107 instruction = 0xB502 (JMP): 0x0102 -> PC
Time  54: PC=0x0102 instruction = 0x8300 (I LDA): M[0x0100] -> 0x0186, M[0x0186] -> 0x0065, 0x0065 -> A
Time  55: PC=0x0103 instruction = 0xF140 (SZA RSS): A -> 0x0065, 0x0105 -> PC
Time  56: PC=0x0105 instruction = 0xA020 (IOT 4): A -> 0x0065
Time  59: PC=0x0106 instruction = 0xB100 (ISZ): M[0x0100] -> 0x0186, 0x0187 -> M[0x0100]
Time  60: PC=0x0107 instruction = 0xB502 (JMP): 0x0102 -> PC
Time  63: PC=0x0102 instruction = 0x8300 (I LDA): M[0x0100] -> 0x0187, M[0x0187] -> 0x0020, 0x0020 -> A
Time  64: PC=0x0103 instruction = 0xF140 (SZA RSS): A -> 0x0020, 0x0105 -> PC
Time  65: PC=0x0105 instruction = 0xA020 (IOT 4): A -> 0x0020
Time  68: PC=0x0106 instruction = 0xB100 (ISZ): M[0x0100] -> 0x0187, 0x0188 -> M[0x0100]
Time  69: PC=0x0107 instruction = 0xB502 (JMP): 0x0102 -> PC
Time  72: PC=0x0102 instruction = 0x8300 (I LDA): M[0x0100] -> 0x0188, M[0x0188] -> 0x0074, 0x0074 -> A
Time  73: PC=0x0103 instruction = 0xF140 (SZA RSS): A -> 0x0074, 0x0105 -> PC
Time  74: PC=0x0105 instruction = 0xA020 (IOT 4): A -> 0x0074
Time  77: PC=0x0106 instruction = 0xB100 (ISZ): M[0x0100] -> 0x0188, 0x0189 -> M[0x0100]
Time  78: PC=0x0107 instruction = 0xB502 (JMP): 0x0102 -> PC
Time  81: PC=0x0102 instruction = 0x8300 (I LDA): M[0x0100] -> 0x0189, M[0x0189] -> 0x0079, 0x0079 -> A
Time  82: PC=0x0103 instruction = 0xF140 (SZA RSS): A -> 0x0079, 0x0105 -> PC
Time  83: PC=0x0105 instruction = 0xA020 (IOT 4): A -> 0x0079
Time  86: PC=0x0106 instruction = 0xB100 (ISZ): M[0x0100] -> 0x0189, 0x018A -> M[0x0100]
Time  87: PC=0x0107 instruction = 0xB502 (JMP): 0x0102 -> PC
Time  90: PC=0x0102 instruction = 0x8300 (I LDA): M[0x0100] -> 0x018A, M[0x018A] -> 0x0070, 0x0070 -> A
Time  91: PC=0x0103 instruction = 0xF140 (SZA RSS): A -> 0x0070, 0x0105 -> PC
Time  92: PC=0x0105 instruction = 0xA020 (IOT 4): A -> 0x0070
Time  95: PC=0x0106 instruction = 0xB100 (ISZ): M[0x0100] -> 0x018A, 0x018B -> M[0x0100]
Time  96: PC=0x0107 instruction = 0xB502 (JMP): 0x0102 -> PC
Time  99: PC=0x0102 instruction = 0x8300 (I LDA): M[0x0100] -> 0x018B, M[0x018B] -> 0x0065, 0x0065 -> A
Time 100: PC=0x0103 instruction = 0xF140 (SZA RSS): A -> 0x0065, 0x0105 -> PC
Time 101: PC=0x0105 instruction = 0xA020 (IOT 4): A -> 0x0065
Time 104: PC=0x0106 instruction = 0xB100 (ISZ): M[0x0100] -> 0x018B, 0x018C -> M[0x0100]
Time 105: PC=0x0107 instruction = 0xB502 (JMP): 0x0102 -> PC
Time 108: PC=0x0102 instruction = 0x8300 (I LDA): M[0x0100] -> 0x018C, M[0x018C] -> 0x0020, 0x0020 -> A
Time 109: PC=0x0103 instruction = 0xF140 (SZA RSS): A -> 0x0020, 0x0105 -> PC
Time 110: PC=0x0105 instruction = 0xA020 (IOT 4): A -> 0x0020
Time 113: PC=0x0106 instruction = 0xB100 (ISZ): M[0x0100] -> 0x018C, 0x018D -> M[0x0100]
Time 114: PC=0x0107 instruction = 0xB502 (JMP): 0x0102 -> PC
Time 117: PC=0x0102 instruction = 0x8300 (I LDA): M[0x0100] -> 0x018D, M[0x018D] -> 0x006E, 0x006E -> A
Time 118: PC=0x0103 instruction = 0xF140 (SZA RSS): A -> 0x006E, 0x0105 -> PC
Time 119: PC=0x0105 instruction = 0xA020 (IOT 4): A -> 0x006E
Time 122: PC=0x0106 instruction = 0xB100 (ISZ): M[0x0100] -> 0x018D, 0x018E -> M[0x0100]
Time 123: PC=0x0107 instruction = 0xB502 (JMP): 0x0102 -> PC
Time 126: PC=0x0102 instruction = 0x8300 (I LDA): M[0x0100] -> 0x018E, M[0x018E] -> 0x0075, 0x0075 -> A
Time 127: PC=0x0103 instruction = 0xF140 (SZA RSS): A -> 0x0075, 0x0105 -> PC
Time 128: PC=0x0105 instruction = 0xA020 (IOT 4): A -> 0x0075
Time 131: PC=0x0106 instruction = 0xB100 (ISZ): M[0x0100] -> 0x018E, 0x018F -> M[0x0100]
Time 132: PC=0x0107 instruction = 0xB502 (JMP): 0x0102 -> PC
Time 135: PC=0x0102 instruction = 0x8300 (I LDA): M[0x0100] -> 0x018F, M[0x018F] -> 0x006D, 0x006D -> A
Time 136: PC=0x0103 instruction = 0xF140 (SZA RSS): A -> 0x006D, 0x0105 -> PC
Time 137: PC=0x0105 instruction = 0xA020 (IOT 4): A -> 0x006D
Time 140: PC=0x0106 instruction = 0xB100 (ISZ): M[0x0100] -> 0x018F, 0x0190 -> M[0x0100]
Time 141: PC=0x0107 instruction = 0xB502 (JMP): 0x0102 -> PC
Time 144: PC=0x0102 instruction = 0x8300 (I LDA): M[0x0100] -> 0x0190, M[0x0190] -> 0x0062, 0x0062 -> A
Time 145: PC=0x0103 instruction = 0xF140 (SZA RSS): A -> 0x0062, 0x0105 -> PC
Time 146: PC=0x0105 instruction = 0xA020 (IOT 4): A -> 0x0062
Time 149: PC=0x0106 instruction = 0xB100 (ISZ): M[0x0100] -> 0x0190, 0x0191 -> M[0x0100]
Time 150: PC=0x0107 instruction = 0xB502 (JMP): 0x0102 -> PC
Time 153: PC=0x0102 instruction = 0x8300 (I LDA): M[0x0100] -> 0x0191, M[0x0191] -> 0x0065, 0x0065 -> A
Time 154: PC=0x0103 instruction = 0xF140 (SZA RSS): A -> 0x0065, 0x0105 -> PC
Time 155: PC=0x0105 instruction = 0xA020 (IOT 4): A -> 0x0065
Time 158: PC=0x0106 instruction = 0xB100 (ISZ): M[0x0100] -> 0x0191, 0x0192 -> M[0x0100]
Time 159: PC=0x0107 instruction = 0xB502 (JMP): 0x0102 -> PC
Time 162: PC=0x0102 instruction = 0x8300 (I LDA): M[0x0100] -> 0x0192, M[0x0192] -> 0x0072, 0x0072 -> A
Time 163: PC=0x0103 instruction = 0xF140 (SZA RSS): A -> 0x0072, 0x0105 -> PC
Time 164: PC=0x0105 instruction = 0xA020 (IOT 4): A -> 0x0072
Time 167: PC=0x0106 instruction = 0xB100 (ISZ): M[0x0100] -> 0x0192, 0x0193 -> M[0x0100]
Time 168: PC=0x0107 instruction = 0xB502 (JMP): 0x0102 -> PC
Time 171: PC=0x0102 instruction = 0x8300 (I LDA): M[0x0100] -> 0x0193, M[0x0193] -> 0x0073, 0x0073 -> A
Time 172: PC=0x0103 instruction = 0xF140 (SZA RSS): A -> 0x0073, 0x0105 -> PC
Time 173: PC=0x0105 instruction = 0xA020 (IOT 4): A -> 0x0073
Time 176: PC=0x0106 instruction = 0xB100 (ISZ): M[0x0100] -> 0x0193, 0x0194 -> M[0x0100]
Time 177: PC=0x0107 instruction = 0xB502 (JMP): 0x0102 -> PC
Time 180: PC=0x0102 instruction = 0x8300 (I LDA): M[0x0100] -> 0x0194, M[0x0194] -> 0x0020, 0x0020 -> A
Time 181: PC=0x0103 instruction = 0xF140 (SZA RSS): A -> 0x0020, 0x0105 -> PC
Time 182: PC=0x0105 instruction = 0xA020 (IOT 4): A -> 0x0020
Time 185: PC=0x0106 instruction = 0xB100 (ISZ): M[0x0100] -> 0x0194, 0x0195 -> M[0x0100]
Time 186: PC=0x0107 instruction = 0xB502 (JMP): 0x0102 -> PC
Time 189: PC=0x0102 instruction = 0x8300 (I LDA): M[0x0100] -> 0x0195, M[0x0195] -> 0x0074, 0x0074 -> A
Time 190: PC=0x0103 instruction = 0xF140 (SZA RSS): A -> 0x0074, 0x0105 -> PC
Time 191: PC=0x0105 instruction = 0xA020 (IOT 4): A -> 0x0074
Time 194: PC=0x0106 instruction = 0xB100 (ISZ): M[0x0100] -> 0x0195, 0x0196 -> M[0x0100]
Time 195: PC=0x0107 instruction = 0xB502 (JMP): 0x0102 -> PC
Time 198: PC=0x0102 instruction = 0x8300 (I LDA): M[0x0100] -> 0x0196, M[0x0196] -> 0x006F, 0x006F -> A
Time 199: PC=0x0103 instruction = 0xF140 (SZA RSS): A -> 0x006F, 0x0105 -> PC
Time 200: PC=0x0105 instruction = 0xA020 (IOT 4): A -> 0x006F
Time 203: PC=0x0106 instruction = 0xB100 (ISZ): M[0x0100] -> 0x0196, 0x0197 -> M[0x0100]
Time 204: PC=0x0107 instruction = 0xB502 (JMP): 0x0102 -> PC
Time 207: PC=0x0102 instruction = 0x8300 (I LDA): M[0x0100] -> 0x0197, M[0x0197] -> 0x0020, 0x0020 -> A
Time 208: PC=0x0103 instruction = 0xF140 (SZA RSS): A -> 0x0020, 0x0105 -> PC
Time 209: PC=0x0105 instruction = 0xA020 (IOT 4): A -> 0x0020
Time 212: PC=0x0106 instruction = 0xB100 (ISZ): M[0x0100] -> 0x0197, 0x0198 -> M[0x0100]
Time 213: PC=0x0107 instruction = 0xB502 (JMP): 0x0102 -> PC
Time 216: PC=0x0102 instruction = 0x8300 (I LDA): M[0x0100] -> 0x0198, M[0x0198] -> 0x0061, 0x0061 -> A
Time 217: PC=0x0103 instruction = 0xF140 (SZA RSS): A -> 0x0061, 0x0105 -> PC
Time 218: PC=0x0105 instruction = 0xA020 (IOT 4): A -> 0x0061
Time 221: PC=0x0106 instruction = 0xB100 (ISZ): M[0x0100] -> 0x0198, 0x0199 -> M[0x0100]
Time 222: PC=0x0107 instruction = 0xB502 (JMP): 0x0102 -> PC
Time 225: PC=0x0102 instruction = 0x8300 (I LDA): M[0x0100] -> 0x0199, M[0x0199] -> 0x0064, 0x0064 -> A
Time 226: PC=0x0103 instruction = 0xF140 (SZA RSS): A -> 0x0064, 0x0105 -> PC
Time 227: PC=0x0105 instruction = 0xA020 (IOT 4): A -> 0x0064
Time 230: PC=0x0106 instruction = 0xB100 (ISZ): M[0x0100] -> 0x0199, 0x019A -> M[0x0100]
Time 231: PC=0x0107 instruction = 0xB502 (JMP): 0x0102 -> PC
Time 234: PC=0x0102 instruction = 0x8300 (I LDA): M[0x0100] -> 0x019A, M[0x019A] -> 0x0064, 0x0064 -> A
Time 235: PC=0x0103 instruction = 0xF140 (SZA RSS): A -> 0x0064, 0x0105 -> PC
Time 236: PC=0x0105 instruction = 0xA020 (IOT 4): A -> 0x0064
Time 239: PC=0x0106 instruction = 0xB100 (ISZ): M[0x0100] -> 0x019A, 0x019B -> M[0x0100]
Time 240: PC=0x0107 instruction = 0xB502 (JMP): 0x0102 -> PC
Time 243: PC=0x0102 instruction = 0x8300 (I LDA): M[0x0100] -> 0x019B, M[0x019B] -> 0x003A, 0x003A -> A
Time 244: PC=0x0103 instruction = 0xF140 (SZA RSS): A -> 0x003A, 0x0105 -> PC
Time 245: PC=0x0105 instruction = 0xA020 (IOT 4): A -> 0x003A
Time 248: PC=0x0106 instruction = 0xB100 (ISZ): M[0x0100] -> 0x019B, 0x019C -> M[0x0100]
Time 249: PC=0x0107 instruction = 0xB502 (JMP): 0x0102 -> PC
Time 252: PC=0x0102 instruction = 0x8300 (I LDA): M[0x0100] -> 0x019C, M[0x019C] -> 0x0020, 0x0020 -> A
Time 253: PC=0x0103 instruction = 0xF140 (SZA RSS): A -> 0x0020, 0x0105 -> PC
Time 254: PC=0x0105 instruction = 0xA020 (IOT 4): A -> 0x0020
Time 257: PC=0x0106 instruction = 0xB100 (ISZ): M[0x0100] -> 0x019C, 0x019D -> M[0x0100]
Time 258: PC=0x0107 instruction = 0xB502 (JMP): 0x0102 -> PC
Time 261: PC=0x0102 instruction = 0x8300 (I LDA): M[0x0100] -> 0x019D, M[0x019D] -> 0x0000, 0x0000 -> A
Time 262: PC=0x0103 instruction = 0xF140 (SZA RSS): A -> 0x0000
Time 264: PC=0x0104 instruction = 0x0002 (RET): SP -> 0xFFFF, 0x0000 -> SP, M[0x0000] -> 0x0145, 0x0145 -> PC
Time 265: PC=0x0145 instruction = 0xF020 (CLA): 0x0000 -> A
Time 267: PC=0x0146 instruction = 0x9140 (STA): A -> 0x0000, 0x0000 -> M[0x0140]
Time 269: PC=0x0147 instruction = 0x8142 (LDA): M[0x0142] -> 0x01AB, 0x01AB -> A
Time 271: PC=0x0148 instruction = 0x9141 (STA): A -> 0x01AB, 0x01AB -> M[0x0141]
Time 273: PC=0x0149 instruction = 0xB926 (CALL): 0x014A -> M[0x0000], 0xFFFF -> SP, 0x0126 -> PC
Time 276: PC=0x0126 instruction = 0xC525 (POP): SP -> 0xFFFF, 0x0000 -> SP, M[0x0000] -> 0x014A, 0x014A -> M[0x0125]
Time 277: PC=0x0127 instruction = 0xF020 (CLA): 0x0000 -> A
Time 279: PC=0x0128 instruction = 0x8510 (LDB): M[0x0110] -> 0x000A, 0x000A -> B
Time 280: PC=0x0129 instruction = 0xA818 (IOT 3): 0x0031 -> C
Time 281: PC=0x012A instruction = 0xFA40 (SMC RSS): C -> 0x0031, 0x012C -> PC
Time 283: PC=0x012C instruction = 0x2911 (SUBC): C -> 0x0031, M[0x0111] -> 0x0030, 0x0001 -> C
Time 284: PC=0x012D instruction = 0xFA40 (SMC RSS): C -> 0x0001, 0x012F -> PC
Time 285: PC=0x012F instruction = 0xE4D1 (SUB): C -> 0x0001, B -> 0x000A, 0xFFF7 -> D
Time 286: PC=0x0130 instruction = 0xFE00 (SMD): D -> 0xFFF7, 0x0132 -> PC
Time 287: PC=0x0132 instruction = 0xF020 (CLA): 0x0000 -> A
Time 288: PC=0x0133 instruction = 0xE601 (MUL): A -> 0x0000, B -> 0x000A, 0x0000 -> A
Time 289: PC=0x0134 instruction = 0xE202 (ADD): A -> 0x0000, C -> 0x0001, 0x0001 -> A
Time 290: PC=0x0135 instruction = 0xA818 (IOT 3): 0x0034 -> C
Time 292: PC=0x0136 instruction = 0x2911 (SUBC): C -> 0x0034, M[0x0111] -> 0x0030, 0x0004 -> C
Time 293: PC=0x0137 instruction = 0xFA40 (SMC RSS): C -> 0x0004, 0x0139 -> PC
Time 294: PC=0x0139 instruction = 0xE4D1 (SUB): C -> 0x0004, B -> 0x000A, 0xFFFA -> D
Time 295: PC=0x013A instruction = 0xFE40 (SMD RSS): D -> 0xFFFA
Time 296: PC=0x013B instruction = 0xB533 (JMP): 0x0133 -> PC
Time 297: PC=0x0133 instruction = 0xE601 (MUL): A -> 0x0001, B -> 0x000A, 0x000A -> A
Time 298: PC=0x0134 instruction = 0xE202 (ADD): A -> 0x000A, C -> 0x0004, 0x000E -> A
Time 299: PC=0x0135 instruction = 0xA818 (IOT 3): 0x0032 -> C
Time 301: PC=0x0136 instruction = 0x2911 (SUBC): C -> 0x0032, M[0x0111] -> 0x0030, 0x0002 -> C
Time 302: PC=0x0137 instruction = 0xFA40 (SMC RSS): C -> 0x0002, 0x0139 -> PC
Time 303: PC=0x0139 instruction = 0xE4D1 (SUB): C -> 0x0002, B -> 0x000A, 0xFFF8 -> D
Time 304: PC=0x013A instruction = 0xFE40 (SMD RSS): D -> 0xFFF8
Time 305: PC=0x013B instruction = 0xB533 (JMP): 0x0133 -> PC
Time 306: PC=0x0133 instruction = 0xE601 (MUL): A -> 0x000E, B -> 0x000A, 0x008C -> A
Time 307: PC=0x0134 instruction = 0xE202 (ADD): A -> 0x008C, C -> 0x0002, 0x008E -> A
Time 308: PC=0x0135 instruction = 0xA818 (IOT 3): 0x000A -> C
Time 310: PC=0x0136 instruction = 0x2911 (SUBC): C -> 0x000A, M[0x0111] -> 0x0030, 0xFFDA -> C
Time 311: PC=0x0137 instruction = 0xFA40 (SMC RSS): C -> 0xFFDA
Time 312: PC=0x0138 instruction = 0xB53C (JMP): 0x013C -> PC
Time 315: PC=0x013C instruction = 0xB125 (ISZ): M[0x0125] -> 0x014A, 0x014B -> M[0x0125]
Time 317: PC=0x013D instruction = 0xB725 (I JMP): M[0x0125] -> 0x014B, 0x014B -> PC
Time 320: PC=0x014B instruction = 0x9341 (I STA): M[0x0141] -> 0x01AB, A -> 0x008E, 0x008E -> M[0x01AB]
Time 323: PC=0x014C instruction = 0xB141 (ISZ): M[0x0141] -> 0x01AB, 0x01AC -> M[0x0141]
Time 326: PC=0x014D instruction = 0xB140 (ISZ): M[0x0140] -> 0x0000, 0x0001 -> M[0x0140]
Time 327: PC=0x014E instruction = 0xB549 (JMP): 0x0149 -> PC
Time 329: PC=0x0149 instruction = 0xB926 (CALL): 0x014A -> M[0x0000], 0xFFFF -> SP, 0x0126 -> PC
Time 332: PC=0x0126 instruction = 0xC525 (POP): SP -> 0xFFFF, 0x0000 -> SP, M[0x0000] -> 0x014A, 0x014A -> M[0x0125]
Time 333: PC=0x0127 instruction = 0xF020 (CLA): 0x0000 -> A
Time 335: PC=0x0128 instruction = 0x8510 (LDB): M[0x0110] -> 0x000A, 0x000A -> B
Time 336: PC=0x0129 instruction = 0xA818 (IOT 3): 0x0031 -> C
Time 337: PC=0x012A instruction = 0xFA40 (SMC RSS): C -> 0x0031, 0x012C -> PC
Time 339: PC=0x012C instruction = 0x2911 (SUBC): C -> 0x0031, M[0x0111] -> 0x0030, 0x0001 -> C
Time 340: PC=0x012D instruction = 0xFA40 (SMC RSS): C -> 0x0001, 0x012F -> PC
Time 341: PC=0x012F instruction = 0xE4D1 (SUB): C -> 0x0001, B -> 0x000A, 0xFFF7 -> D
Time 342: PC=0x0130 instruction = 0xFE00 (SMD): D -> 0xFFF7, 0x0132 -> PC
Time 343: PC=0x0132 instruction = 0xF020 (CLA): 0x0000 -> A
Time 344: PC=0x0133 instruction = 0xE601 (MUL): A -> 0x0000, B -> 0x000A, 0x0000 -> A
Time 345: PC=0x0134 instruction = 0xE202 (ADD): A -> 0x0000, C -> 0x0001, 0x0001 -> A
Time 346: PC=0x0135 instruction = 0xA818 (IOT 3): 0x0036 -> C
Time 348: PC=0x0136 instruction = 0x2911 (SUBC): C -> 0x0036, M[0x0111] -> 0x0030, 0x0006 -> C
Time 349: PC=0x0137 instruction = 0xFA40 (SMC RSS): C -> 0x0006, 0x0139 -> PC
Time 350: PC=0x0139 instruction = 0xE4D1 (SUB): C -> 0x0006, B -> 0x000A, 0xFFFC -> D
Time 351: PC=0x013A instruction = 0xFE40 (SMD RSS): D -> 0xFFFC
Time 352: PC=0x013B instruction = 0xB533 (JMP): 0x0133 -> PC
Time 353: PC=0x0133 instruction = 0xE601 (MUL): A -> 0x0001, B -> 0x000A, 0x000A -> A
Time 354: PC=0x0134 instruction = 0xE202 (ADD): A -> 0x000A, C -> 0x0006, 0x0010 -> A
Time 355: PC=0x0135 instruction = 0xA818 (IOT 3): 0x0031 -> C
Time 357: PC=0x0136 instruction = 0x2911 (SUBC): C -> 0x0031, M[0x0111] -> 0x0030, 0x0001 -> C
Time 358: PC=0x0137 instruction = 0xFA40 (SMC RSS): C -> 0x0001, 0x0139 -> PC
Time 359: PC=0x0139 instruction = 0xE4D1 (SUB): C -> 0x0001, B -> 0x000A, 0xFFF7 -> D
Time 360: PC=0x013A instruction = 0xFE40 (SMD RSS): D -> 0xFFF7
Time 361: PC=0x013B instruction = 0xB533 (JMP): 0x0133 -> PC
Time 362: PC=0x0133 instruction = 0xE601 (MUL): A -> 0x0010, B -> 0x000A, 0x00A0 -> A
Time 363: PC=0x0134 instruction = 0xE202 (ADD): A -> 0x00A0, C -> 0x0001, 0x00A1 -> A
Time 364: PC=0x0135 instruction = 0xA818 (IOT 3): 0x000A -> C
Time 366: PC=0x0136 instruction = 0x2911 (SUBC): C -> 0x000A, M[0x0111] -> 0x0030, 0xFFDA -> C
Time 367: PC=0x0137 instruction = 0xFA40 (SMC RSS): C -> 0xFFDA
Time 368: PC=0x0138 instruction = 0xB53C (JMP): 0x013C -> PC
Time 371: PC=0x013C instruction = 0xB125 (ISZ): M[0x0125] -> 0x014A, 0x014B -> M[0x0125]
Time 373: PC=0x013D instruction = 0xB725 (I JMP): M[0x0125] -> 0x014B, 0x014B -> PC
Time 376: PC=0x014B instruction = 0x9341 (I STA): M[0x0141] -> 0x01AC, A -> 0x00A1, 0x00A1 -> M[0x01AC]
Time 379: PC=0x014C instruction = 0xB141 (ISZ): M[0x0141] -> 0x01AC, 0x01AD -> M[0x0141]
Time 382: PC=0x014D instruction = 0xB140 (ISZ): M[0x0140] -> 0x0001, 0x0002 -> M[0x0140]
Time 383: PC=0x014E instruction = 0xB549 (JMP): 0x0149 -> PC
Time 385: PC=0x0149 instruction = 0xB926 (CALL): 0x014A -> M[0x0000], 0xFFFF -> SP, 0x0126 -> PC
Time 388: PC=0x0126 instruction = 0xC525 (POP): SP -> 0xFFFF, 0x0000 -> SP, M[0x0000] -> 0x014A, 0x014A -> M[0x0125]
Time 389: PC=0x0127 instruction = 0xF020 (CLA): 0x0000 -> A
Time 391: PC=0x0128 instruction = 0x8510 (LDB): M[0x0110] -> 0x000A, 0x000A -> B
Time 392: PC=0x0129 instruction = 0xA818 (IOT 3): 0x0031 -> C
Time 393: PC=0x012A instruction = 0xFA40 (SMC RSS): C -> 0x0031, 0x012C -> PC
Time 395: PC=0x012C instruction = 0x2911 (SUBC): C -> 0x0031, M[0x0111] -> 0x0030, 0x0001 -> C
Time 396: PC=0x012D instruction = 0xFA40 (SMC RSS): C -> 0x0001, 0x012F -> PC
Time 397: PC=0x012F instruction = 0xE4D1 (SUB): C -> 0x0001, B -> 0x000A, 0xFFF7 -> D
Time 398: PC=0x0130 instruction = 0xFE00 (SMD): D -> 0xFFF7, 0x0132 -> PC
Time 399: PC=0x0132 instruction = 0xF020 (CLA): 0x0000 -> A
Time 400: PC=0x0133 instruction = 0xE601 (MUL): A -> 0x0000, B -> 0x000A, 0x0000 -> A
Time 401: PC=0x0134 instruction = 0xE202 (ADD): A -> 0x0000, C -> 0x0001, 0x0001 -> A
Time 402: PC=0x0135 instruction = 0xA818 (IOT 3): 0x0035 -> C
Time 404: PC=0x0136 instruction = 0x2911 (SUBC): C -> 0x0035, M[0x0111] -> 0x0030, 0x0005 -> C
Time 405: PC=0x0137 instruction = 0xFA40 (SMC RSS): C -> 0x0005, 0x0139 -> PC
Time 406: PC=0x0139 instruction = 0xE4D1 (SUB): C -> 0x0005, B -> 0x000A, 0xFFFB -> D
Time 407: PC=0x013A instruction = 0xFE40 (SMD RSS): D -> 0xFFFB
Time 408: PC=0x013B instruction = 0xB533 (JMP): 0x0133 -> PC
Time 409: PC=0x0133 instruction = 0xE601 (MUL): A -> 0x0001, B -> 0x000A, 0x000A -> A
Time 410: PC=0x0134 instruction = 0xE202 (ADD): A -> 0x000A, C -> 0x0005, 0x000F -> A
Time 411: PC=0x0135 instruction = 0xA818 (IOT 3): 0x0035 -> C
Time 413: PC=0x0136 instruction = 0x2911 (SUBC): C -> 0x0035, M[0x0111] -> 0x0030, 0x0005 -> C
Time 414: PC=0x0137 instruction = 0xFA40 (SMC RSS): C -> 0x0005, 0x0139 -> PC
Time 415: PC=0x0139 instruction = 0xE4D1 (SUB): C -> 0x0005, B -> 0x000A, 0xFFFB -> D
Time 416: PC=0x013A instruction = 0xFE40 (SMD RSS): D -> 0xFFFB
Time 417: PC=0x013B instruction = 0xB533 (JMP): 0x0133 -> PC
Time 418: PC=0x0133 instruction = 0xE601 (MUL): A -> 0x000F, B -> 0x000A, 0x0096 -> A
Time 419: PC=0x0134 instruction = 0xE202 (ADD): A -> 0x0096, C -> 0x0005, 0x009B -> A
Time 420: PC=0x0135 instruction = 0xA818 (IOT 3): 0x000A -> C
Time 422: PC=0x0136 instruction = 0x2911 (SUBC): C -> 0x000A, M[0x0111] -> 0x0030, 0xFFDA -> C
Time 423: PC=0x0137 instruction = 0xFA40 (SMC RSS): C -> 0xFFDA
Time 424: PC=0x0138 instruction = 0xB53C (JMP): 0x013C -> PC
Time 427: PC=0x013C instruction = 0xB125 (ISZ): M[0x0125] -> 0x014A, 0x014B -> M[0x0125]
Time 429: PC=0x013D instruction = 0xB725 (I JMP): M[0x0125] -> 0x014B, 0x014B -> PC
Time 432: PC=0x014B instruction = 0x9341 (I STA): M[0x0141] -> 0x01AD, A -> 0x009B, 0x009B -> M[0x01AD]
Time 435: PC=0x014C instruction = 0xB141 (ISZ): M[0x0141] -> 0x01AD, 0x01AE -> M[0x0141]
Time 438: PC=0x014D instruction = 0xB140 (ISZ): M[0x0140] -> 0x0002, 0x0003 -> M[0x0140]
Time 439: PC=0x014E instruction = 0xB549 (JMP): 0x0149 -> PC
Time 441: PC=0x0149 instruction = 0xB926 (CALL): 0x014A -> M[0x0000], 0xFFFF -> SP, 0x0126 -> PC
Time 444: PC=0x0126 instruction = 0xC525 (POP): SP -> 0xFFFF, 0x0000 -> SP, M[0x0000] -> 0x014A, 0x014A -> M[0x0125]
Time 445: PC=0x0127 instruction = 0xF020 (CLA): 0x0000 -> A
Time 447: PC=0x0128 instruction = 0x8510 (LDB): M[0x0110] -> 0x000A, 0x000A -> B
Time 448: PC=0x0129 instruction = 0xA818 (IOT 3): 0x0031 -> C
Time 449: PC=0x012A instruction = 0xFA40 (SMC RSS): C -> 0x0031, 0x012C -> PC
Time 451: PC=0x012C instruction = 0x2911 (SUBC): C -> 0x0031, M[0x0111] -> 0x0030, 0x0001 -> C
Time 452: PC=0x012D instruction = 0xFA40 (SMC RSS): C -> 0x0001, 0x012F -> PC
Time 453: PC=0x012F instruction = 0xE4D1 (SUB): C -> 0x0001, B -> 0x000A, 0xFFF7 -> D
Time 454: PC=0x0130 instruction = 0xFE00 (SMD): D -> 0xFFF7, 0x0132 -> PC
Time 455: PC=0x0132 instruction = 0xF020 (CLA): 0x0000 -> A
Time 456: PC=0x0133 instruction = 0xE601 (MUL): A -> 0x0000, B -> 0x000A, 0x0000 -> A
Time 457: PC=0x0134 instruction = 0xE202 (ADD): A -> 0x0000, C -> 0x0001, 0x0001 -> A
Time 458: PC=0x0135 instruction = 0xA818 (IOT 3): 0x0034 -> C
Time 460: PC=0x0136 instruction = 0x2911 (SUBC): C -> 0x0034, M[0x0111] -> 0x0030, 0x0004 -> C
Time 461: PC=0x0137 instruction = 0xFA40 (SMC RSS): C -> 0x0004, 0x0139 -> PC
Time 462: PC=0x0139 instruction = 0xE4D1 (SUB): C -> 0x0004, B -> 0x000A, 0xFFFA -> D
Time 463: PC=0x013A instruction = 0xFE40 (SMD RSS): D -> 0xFFFA
Time 464: PC=0x013B instruction = 0xB533 (JMP): 0x0133 -> PC
Time 465: PC=0x0133 instruction = 0xE601 (MUL): A -> 0x0001, B -> 0x000A, 0x000A -> A
Time 466: PC=0x0134 instruction = 0xE202 (ADD): A -> 0x000A, C -> 0x0004, 0x000E -> A
Time 467: PC=0x0135 instruction = 0xA818 (IOT 3): 0x0038 -> C
Time 469: PC=0x0136 instruction = 0x2911 (SUBC): C -> 0x0038, M[0x0111] -> 0x0030, 0x0008 -> C
Time 470: PC=0x0137 instruction = 0xFA40 (SMC RSS): C -> 0x0008, 0x0139 -> PC
Time 471: PC=0x0139 instruction = 0xE4D1 (SUB): C -> 0x0008, B -> 0x000A, 0xFFFE -> D
Time 472: PC=0x013A instruction = 0xFE40 (SMD RSS): D -> 0xFFFE
Time 473: PC=0x013B instruction = 0xB533 (JMP): 0x0133 -> PC
Time 474: PC=0x0133 instruction = 0xE601 (MUL): A -> 0x000E, B -> 0x000A, 0x008C -> A
Time 475: PC=0x0134 instruction = 0xE202 (ADD): A -> 0x008C, C -> 0x0008, 0x0094 -> A
Time 476: PC=0x0135 instruction = 0xA818 (IOT 3): 0x000A -> C
Time 478: PC=0x0136 instruction = 0x2911 (SUBC): C -> 0x000A, M[0x0111] -> 0x0030, 0xFFDA -> C
Time 479: PC=0x0137 instruction = 0xFA40 (SMC RSS): C -> 0xFFDA
Time 480: PC=0x0138 instruction = 0xB53C (JMP): 0x013C -> PC
Time 483: PC=0x013C instruction = 0xB125 (ISZ): M[0x0125] -> 0x014A, 0x014B -> M[0x0125]
Time 485: PC=0x013D instruction = 0xB725 (I JMP): M[0x0125] -> 0x014B, 0x014B -> PC
Time 488: PC=0x014B instruction = 0x9341 (I STA): M[0x0141] -> 0x01AE, A -> 0x0094, 0x0094 -> M[0x01AE]
Time 491: PC=0x014C instruction = 0xB141 (ISZ): M[0x0141] -> 0x01AE, 0x01AF -> M[0x0141]
Time 494: PC=0x014D instruction = 0xB140 (ISZ): M[0x0140] -> 0x0003, 0x0004 -> M[0x0140]
Time 495: PC=0x014E instruction = 0xB549 (JMP): 0x0149 -> PC
Time 497: PC=0x0149 instruction = 0xB926 (CALL): 0x014A -> M[0x0000], 0xFFFF -> SP, 0x0126 -> PC
Time 500: PC=0x0126 instruction = 0xC525 (POP): SP -> 0xFFFF, 0x0000 -> SP, M[0x0000] -> 0x014A, 0x014A -> M[0x0125]
Time 501: PC=0x0127 instruction = 0xF020 (CLA): 0x0000 -> A
Time 503: PC=0x0128 instruction = 0x8510 (LDB): M[0x0110] -> 0x000A, 0x000A -> B
Time 504: PC=0x0129 instruction = 0xA818 (IOT 3): 0x0031 -> C
Time 505: PC=0x012A instruction = 0xFA40 (SMC RSS): C -> 0x0031, 0x012C -> PC
Time 507: PC=0x012C instruction = 0x2911 (SUBC): C -> 0x0031, M[0x0111] -> 0x0030, 0x0001 -> C
Time 508: PC=0x012D instruction = 0xFA40 (SMC RSS): C -> 0x0001, 0x012F -> PC
Time 509: PC=0x012F instruction = 0xE4D1 (SUB): C -> 0x0001, B -> 0x000A, 0xFFF7 -> D
Time 510: PC=0x0130 instruction = 0xFE00 (SMD): D -> 0xFFF7, 0x0132 -> PC
Time 511: PC=0x0132 instruction = 0xF020 (CLA): 0x0000 -> A
Time 512: PC=0x0133 instruction = 0xE601 (MUL): A -> 0x0000, B -> 0x000A, 0x0000 -> A
Time 513: PC=0x0134 instruction = 0xE202 (ADD): A -> 0x0000, C -> 0x0001, 0x0001 -> A
Time 514: PC=0x0135 instruction = 0xA818 (IOT 3): 0x0035 -> C
Time 516: PC=0x0136 instruction = 0x2911 (SUBC): C -> 0x0035, M[0x0111] -> 0x0030, 0x0005 -> C
Time 517: PC=0x0137 instruction = 0xFA40 (SMC RSS): C -> 0x0005, 0x0139 -> PC
Time 518: PC=0x0139 instruction = 0xE4D1 (SUB): C -> 0x0005, B -> 0x000A, 0xFFFB -> D
Time 519: PC=0x013A instruction = 0xFE40 (SMD RSS): D -> 0xFFFB
Time 520: PC=0x013B instruction = 0xB533 (JMP): 0x0133 -> PC
Time 521: PC=0x0133 instruction = 0xE601 (MUL): A -> 0x0001, B -> 0x000A, 0x000A -> A
Time 522: PC=0x0134 instruction = 0xE202 (ADD): A -> 0x000A, C -> 0x0005, 0x000F -> A
Time 523: PC=0x0135 instruction = 0xA818 (IOT 3): 0x0038 -> C
Time 525: PC=0x0136 instruction = 0x2911 (SUBC): C -> 0x0038, M[0x0111] -> 0x0030, 0x0008 -> C
Time 526: PC=0x0137 instruction = 0xFA40 (SMC RSS): C -> 0x0008, 0x0139 -> PC
Time 527: PC=0x0139 instruction = 0xE4D1 (SUB): C -> 0x0008, B -> 0x000A, 0xFFFE -> D
Time 528: PC=0x013A instruction = 0xFE40 (SMD RSS): D -> 0xFFFE
Time 529: PC=0x013B instruction = 0xB533 (JMP): 0x0133 -> PC
Time 530: PC=0x0133 instruction = 0xE601 (MUL): A -> 0x000F, B -> 0x000A, 0x0096 -> A
Time 531: PC=0x0134 instruction = 0xE202 (ADD): A -> 0x0096, C -> 0x0008, 0x009E -> A
Time 532: PC=0x0135 instruction = 0xA818 (IOT 3): 0x000A -> C
Time 534: PC=0x0136 instruction = 0x2911 (SUBC): C -> 0x000A, M[0x0111] -> 0x0030, 0xFFDA -> C
Time 535: PC=0x0137 instruction = 0xFA40 (SMC RSS): C -> 0xFFDA
Time 536: PC=0x0138 instruction = 0xB53C (JMP): 0x013C -> PC
Time 539: PC=0x013C instruction = 0xB125 (ISZ): M[0x0125] -> 0x014A, 0x014B -> M[0x0125]
Time 541: PC=0x013D instruction = 0xB725 (I JMP): M[0x0125] -> 0x014B, 0x014B -> PC
Time 544: PC=0x014B instruction = 0x9341 (I STA): M[0x0141] -> 0x01AF, A -> 0x009E, 0x009E -> M[0x01AF]
Time 547: PC=0x014C instruction = 0xB141 (ISZ): M[0x0141] -> 0x01AF, 0x01B0 -> M[0x0141]
Time 550: PC=0x014D instruction = 0xB140 (ISZ): M[0x0140] -> 0x0004, 0x0005 -> M[0x0140]
Time 551: PC=0x014E instruction = 0xB549 (JMP): 0x0149 -> PC
Time 553: PC=0x0149 instruction = 0xB926 (CALL): 0x014A -> M[0x0000], 0xFFFF -> SP, 0x0126 -> PC
Time 556: PC=0x0126 instruction = 0xC525 (POP): SP -> 0xFFFF, 0x0000 -> SP, M[0x0000] -> 0x014A, 0x014A -> M[0x0125]
Time 557: PC=0x0127 instruction = 0xF020 (CLA): 0x0000 -> A
Time 559: PC=0x0128 instruction = 0x8510 (LDB): M[0x0110] -> 0x000A, 0x000A -> B
Time 560: PC=0x0129 instruction = 0xA818 (IOT 3): 0x0031 -> C
Time 561: PC=0x012A instruction = 0xFA40 (SMC RSS): C -> 0x0031, 0x012C -> PC
Time 563: PC=0x012C instruction = 0x2911 (SUBC): C -> 0x0031, M[0x0111] -> 0x0030, 0x0001 -> C
Time 564: PC=0x012D instruction = 0xFA40 (SMC RSS): C -> 0x0001, 0x012F -> PC
Time 565: PC=0x012F instruction = 0xE4D1 (SUB): C -> 0x0001, B -> 0x000A, 0xFFF7 -> D
Time 566: PC=0x0130 instruction = 0xFE00 (SMD): D -> 0xFFF7, 0x0132 -> PC
Time 567: PC=0x0132 instruction = 0xF020 (CLA): 0x0000 -> A
Time 568: PC=0x0133 instruction = 0xE601 (MUL): A -> 0x0000, B -> 0x000A, 0x0000 -> A
Time 569: PC=0x0134 instruction = 0xE202 (ADD): A -> 0x0000, C -> 0x0001, 0x0001 -> A
Time 570: PC=0x0135 instruction = 0xA818 (IOT 3): 0x0033 -> C
Time 572: PC=0x0136 instruction = 0x2911 (SUBC): C -> 0x0033, M[0x0111] -> 0x0030, 0x0003 -> C
Time 573: PC=0x0137 instruction = 0xFA40 (SMC RSS): C -> 0x0003, 0x0139 -> PC
Time 574: PC=0x0139 instruction = 0xE4D1 (SUB): C -> 0x0003, B -> 0x000A, 0xFFF9 -> D
Time 575: PC=0x013A instruction = 0xFE40 (SMD RSS): D -> 0xFFF9
Time 576: PC=0x013B instruction = 0xB533 (JMP): 0x0133 -> PC
Time 577: PC=0x0133 instruction = 0xE601 (MUL): A -> 0x0001, B -> 0x000A, 0x000A -> A
Time 578: PC=0x0134 instruction = 0xE202 (ADD): A -> 0x000A, C -> 0x0003, 0x000D -> A
Time 579: PC=0x0135 instruction = 0xA818 (IOT 3): 0x0031 -> C
Time 581: PC=0x0136 instruction = 0x2911 (SUBC): C -> 0x0031, M[0x0111] -> 0x0030, 0x0001 -> C
Time 582: PC=0x0137 instruction = 0xFA40 (SMC RSS): C -> 0x0001, 0x0139 -> PC
Time 583: PC=0x0139 instruction = 0xE4D1 (SUB): C -> 0x0001, B -> 0x000A, 0xFFF7 -> D
Time 584: PC=0x013A instruction = 0xFE40 (SMD RSS): D -> 0xFFF7
Time 585: PC=0x013B instruction = 0xB533 (JMP): 0x0133 -> PC
Time 586: PC=0x0133 instruction = 0xE601 (MUL): A -> 0x000D, B -> 0x000A, 0x0082 -> A
Time 587: PC=0x0134 instruction = 0xE202 (ADD): A -> 0x0082, C -> 0x0001, 0x0083 -> A
Time 588: PC=0x0135 instruction = 0xA818 (IOT 3): 0x000A -> C
Time 590: PC=0x0136 instruction = 0x2911 (SUBC): C -> 0x000A, M[0x0111] -> 0x0030, 0xFFDA -> C
Time 591: PC=0x0137 instruction = 0xFA40 (SMC RSS): C -> 0xFFDA
Time 592: PC=0x0138 instruction = 0xB53C (JMP): 0x013C -> PC
Time 595: PC=0x013C instruction = 0xB125 (ISZ): M[0x0125] -> 0x014A, 0x014B -> M[0x0125]
Time 597: PC=0x013D instruction = 0xB725 (I JMP): M[0x0125] -> 0x014B, 0x014B -> PC
Time 600: PC=0x014B instruction = 0x9341 (I STA): M[0x0141] -> 0x01B0, A -> 0x0083, 0x0083 -> M[0x01B0]
Time 603: PC=0x014C instruction = 0xB141 (ISZ): M[0x0141] -> 0x01B0, 0x01B1 -> M[0x0141]
Time 606: PC=0x014D instruction = 0xB140 (ISZ): M[0x0140] -> 0x0005, 0x0006 -> M[0x0140]
Time 607: PC=0x014E instruction = 0xB549 (JMP): 0x0149 -> PC
Time 609: PC=0x0149 instruction = 0xB926 (CALL): 0x014A -> M[0x0000], 0xFFFF -> SP, 0x0126 -> PC
Time 612: PC=0x0126 instruction = 0xC525 (POP): SP -> 0xFFFF, 0x0000 -> SP, M[0x0000] -> 0x014A, 0x014A -> M[0x0125]
Time 613: PC=0x0127 instruction = 0xF020 (CLA): 0x0000 -> A
Time 615: PC=0x0128 instruction = 0x8510 (LDB): M[0x0110] -> 0x000A, 0x000A -> B
Time 616: PC=0x0129 instruction = 0xA818 (IOT 3): 0x0031 -> C
Time 617: PC=0x012A instruction = 0xFA40 (SMC RSS): C -> 0x0031, 0x012C -> PC
Time 619: PC=0x012C instruction = 0x2911 (SUBC): C -> 0x0031, M[0x0111] -> 0x0030, 0x0001 -> C
Time 620: PC=0x012D instruction = 0xFA40 (SMC RSS): C -> 0x0001, 0x012F -> PC
Time 621: PC=0x012F instruction = 0xE4D1 (SUB): C -> 0x0001, B -> 0x000A, 0xFFF7 -> D
Time 622: PC=0x0130 instruction = 0xFE00 (SMD): D -> 0xFFF7, 0x0132 -> PC
Time 623: PC=0x0132 instruction = 0xF020 (CLA): 0x0000 -> A
Time 624: PC=0x0133 instruction = 0xE601 (MUL): A -> 0x0000, B -> 0x000A, 0x0000 -> A
Time 625: PC=0x0134 instruction = 0xE202 (ADD): A -> 0x0000, C -> 0x0001, 0x0001 -> A
Time 626: PC=0x0135 instruction = 0xA818 (IOT 3): 0x0030 -> C
Time 628: PC=0x0136 instruction = 0x2911 (SUBC): C -> 0x0030, M[0x0111] -> 0x0030, 0x0000 -> C
Time 629: PC=0x0137 instruction = 0xFA40 (SMC RSS): C -> 0x0000, 0x0139 -> PC
Time 630: PC=0x0139 instruction = 0xE4D1 (SUB): C -> 0x0000, B -> 0x000A, 0xFFF6 -> D
Time 631: PC=0x013A instruction = 0xFE40 (SMD RSS): D -> 0xFFF6
Time 632: PC=0x013B instruction = 0xB533 (JMP): 0x0133 -> PC
Time 633: PC=0x0133 instruction = 0xE601 (MUL): A -> 0x0001, B -> 0x000A, 0x000A -> A
Time 634: PC=0x0134 instruction = 0xE202 (ADD): A -> 0x000A, C -> 0x0000, 0x000A -> A
Time 635: PC=0x0135 instruction = 0xA818 (IOT 3): 0x0030 -> C
Time 637: PC=0x0136 instruction = 0x2911 (SUBC): C -> 0x0030, M[0x0111] -> 0x0030, 0x0000 -> C
Time 638: PC=0x0137 instruction = 0xFA40 (SMC RSS): C -> 0x0000, 0x0139 -> PC
Time 639: PC=0x0139 instruction = 0xE4D1 (SUB): C -> 0x0000, B -> 0x000A, 0xFFF6 -> D
Time 640: PC=0x013A instruction = 0xFE40 (SMD RSS): D -> 0xFFF6
Time 641: PC=0x013B instruction = 0xB533 (JMP): 0x0133 -> PC
Time 642: PC=0x0133 instruction = 0xE601 (MUL): A -> 0x000A, B -> 0x000A, 0x0064 -> A
Time 643: PC=0x0134 instruction = 0xE202 (ADD): A -> 0x0064, C -> 0x0000, 0x0064 -> A
Time 644: PC=0x0135 instruction = 0xA818 (IOT 3): 0x000A -> C
Time 646: PC=0x0136 instruction = 0x2911 (SUBC): C -> 0x000A, M[0x0111] -> 0x0030, 0xFFDA -> C
Time 647: PC=0x0137 instruction = 0xFA40 (SMC RSS): C -> 0xFFDA
Time 648: PC=0x0138 instruction = 0xB53C (JMP): 0x013C -> PC
Time 651: PC=0x013C instruction = 0xB125 (ISZ): M[0x0125] -> 0x014A, 0x014B -> M[0x0125]
Time 653: PC=0x013D instruction = 0xB725 (I JMP): M[0x0125] -> 0x014B, 0x014B -> PC
Time 656: PC=0x014B instruction = 0x9341 (I STA): M[0x0141] -> 0x01B1, A -> 0x0064, 0x0064 -> M[0x01B1]
Time 659: PC=0x014C instruction = 0xB141 (ISZ): M[0x0141] -> 0x01B1, 0x01B2 -> M[0x0141]
Time 662: PC=0x014D instruction = 0xB140 (ISZ): M[0x0140] -> 0x0006, 0x0007 -> M[0x0140]
Time 663: PC=0x014E instruction = 0xB549 (JMP): 0x0149 -> PC
Time 665: PC=0x0149 instruction = 0xB926 (CALL): 0x014A -> M[0x0000], 0xFFFF -> SP, 0x0126 -> PC
Time 668: PC=0x0126 instruction = 0xC525 (POP): SP -> 0xFFFF, 0x0000 -> SP, M[0x0000] -> 0x014A, 0x014A -> M[0x0125]
Time 669: PC=0x0127 instruction = 0xF020 (CLA): 0x0000 -> A
Time 671: PC=0x0128 instruction = 0x8510 (LDB): M[0x0110] -> 0x000A, 0x000A -> B
Time 672: PC=0x0129 instruction = 0xA818 (IOT 3): 0xFFFF -> C
Time 673: PC=0x012A instruction = 0xFA40 (SMC RSS): C -> 0xFFFF
Time 675: PC=0x012B instruction = 0xB725 (I JMP): M[0x0125] -> 0x014A, 0x014A -> PC
Time 676: PC=0x014A instruction = 0xB54F (JMP): 0x014F -> PC
Time 678: PC=0x014F instruction = 0x8140 (LDA): M[0x0140] -> 0x0007, 0x0007 -> A
Time 679: PC=0x0150 instruction = 0xF009 (CMA ICA): A -> 0x0007, 0xFFF8 -> A, A -> 0xFFF8, 0xFFF9 -> A
Time 681: PC=0x0151 instruction = 0x913F (STA): A -> 0xFFF9, 0xFFF9 -> M[0x013F]
Time 683: PC=0x0152 instruction = 0x8142 (LDA): M[0x0142] -> 0x01AB, 0x01AB -> A
Time 685: PC=0x0153 instruction = 0x9141 (STA): A -> 0x01AB, 0x01AB -> M[0x0141]
Time 686: PC=0x0154 instruction = 0xFC30 (CLD CLL): 0x0000 -> D
Time 689: PC=0x0155 instruction = 0x8341 (I LDA): M[0x0141] -> 0x01AB, M[0x01AB] -> 0x008E, 0x008E -> A
Time 691: PC=0x0156 instruction = 0xB912 (CALL): 0x0157 -> M[0x0000], 0xFFFF -> SP, 0x0112 -> PC
Time 693: PC=0x0112 instruction = 0x850E (LDB): M[0x010E] -> 0x0108, 0x0108 -> B
Time 695: PC=0x0113 instruction = 0x950F (STB): B -> 0x0108, 0x0108 -> M[0x010F]
Time 697: PC=0x0114 instruction = 0x8510 (LDB): M[0x0110] -> 0x000A, 0x000A -> B
Time 698: PC=0x0115 instruction = 0xE081 (MOD): A -> 0x008E, B -> 0x000A, 0x0002 -> C
Time 700: PC=0x0116 instruction = 0x1911 (ADDC): C -> 0x0002, M[0x0111] -> 0x0030, 0x0032 -> C
Time 703: PC=0x0117 instruction = 0x9B0F (I STC): M[0x010F] -> 0x0108, C -> 0x0032, 0x0032 -> M[0x0108]
Time 706: PC=0x0118 instruction = 0xB10F (ISZ): M[0x010F] -> 0x0108, 0x0109 -> M[0x010F]
Time 707: PC=0x0119 instruction = 0xE801 (DIV): A -> 0x008E, B -> 0x000A, 0x000E -> A
Time 708: PC=0x011A instruction = 0xF100 (SZA): A -> 0x000E
Time 709: PC=0x011B instruction = 0xB515 (JMP): 0x0115 -> PC
Time 710: PC=0x0115 instruction = 0xE081 (MOD): A -> 0x000E, B -> 0x000A, 0x0004 -> C
Time 712: PC=0x0116 instruction = 0x1911 (ADDC): C -> 0x0004, M[0x0111] -> 0x0030, 0x0034 -> C
Time 715: PC=0x0117 instruction = 0x9B0F (I STC): M[0x010F] -> 0x0109, C -> 0x0034, 0x0034 -> M[0x0109]
Time 718: PC=0x0118 instruction = 0xB10F (ISZ): M[0x010F] -> 0x0109, 0x010A -> M[0x010F]
Time 719: PC=0x0119 instruction = 0xE801 (DIV): A -> 0x000E, B -> 0x000A, 0x0001 -> A
Time 720: PC=0x011A instruction = 0xF100 (SZA): A -> 0x0001
Time 721: PC=0x011B instruction = 0xB515 (JMP): 0x0115 -> PC
Time 722: PC=0x0115 instruction = 0xE081 (MOD): A -> 0x0001, B -> 0x000A, 0x0001 -> C
Time 724: PC=0x0116 instruction = 0x1911 (ADDC): C -> 0x0001, M[0x0111] -> 0x0030, 0x0031 -> C
Time 727: PC=0x0117 instruction = 0x9B0F (I STC): M[0x010F] -> 0x010A, C -> 0x0031, 0x0031 -> M[0x010A]
Time 730: PC=0x0118 instruction = 0xB10F (ISZ): M[0x010F] -> 0x010A, 0x010B -> M[0x010F]
Time 731: PC=0x0119 instruction = 0xE801 (DIV): A -> 0x0001, B -> 0x000A, 0x0000 -> A
Time 732: PC=0x011A instruction = 0xF100 (SZA): A -> 0x0000, 0x011C -> PC
Time 734: PC=0x011C instruction = 0x810F (LDA): M[0x010F] -> 0x010B, 0x010B -> A
Time 735: PC=0x011D instruction = 0xF002 (DCA): A -> 0x010B, 0x010A -> A
Time 737: PC=0x011E instruction = 0x910F (STA): A -> 0x010A, 0x010A -> M[0x010F]
Time 740: PC=0x011F instruction = 0x8B0F (I LDC): M[0x010F] -> 0x010A, M[0x010A] -> 0x0031, 0x0031 -> C
Time 741: PC=0x0120 instruction = 0xA820 (IOT 4): C -> 0x0031
Time 743: PC=0x0121 instruction = 0x210E (SUBA): A -> 0x010A, M[0x010E] -> 0x0108, 0x0002 -> A
Time 744: PC=0x0122 instruction = 0xF300 (SMA SZA): A -> 0x0002, A -> 0x0002
Time 745: PC=0x0123 instruction = 0xB51C (JMP): 0x011C -> PC
Time 747: PC=0x011C instruction = 0x810F (LDA): M[0x010F] -> 0x010A, 0x010A -> A
Time 748: PC=0x011D instruction = 0xF002 (DCA): A -> 0x010A, 0x0109 -> A
Time 750: PC=0x011E instruction = 0x910F (STA): A -> 0x0109, 0x0109 -> M[0x010F]
Time 753: PC=0x011F instruction = 0x8B0F (I LDC): M[0x010F] -> 0x0109, M[0x0109] -> 0x0034, 0x0034 -> C
Time 754: PC=0x0120 instruction = 0xA820 (IOT 4): C -> 0x0034
Time 756: PC=0x0121 instruction = 0x210E (SUBA): A -> 0x0109, M[0x010E] -> 0x0108, 0x0001 -> A
Time 757: PC=0x0122 instruction = 0xF300 (SMA SZA): A -> 0x0001, A -> 0x0001
Time 758: PC=0x0123 instruction = 0xB51C (JMP): 0x011C -> PC
Time 760: PC=0x011C instruction = 0x810F (LDA): M[0x010F] -> 0x0109, 0x0109 -> A
Time 761: PC=0x011D instruction = 0xF002 (DCA): A -> 0x0109, 0x0108 -> A
Time 763: PC=0x011E instruction = 0x910F (STA): A -> 0x0108, 0x0108 -> M[0x010F]
Time 766: PC=0x011F instruction = 0x8B0F (I LDC): M[0x010F] -> 0x0108, M[0x0108] -> 0x0032, 0x0032 -> C
Time 767: PC=0x0120 instruction = 0xA820 (IOT 4): C -> 0x0032
Time 769: PC=0x0121 instruction = 0x210E (SUBA): A -> 0x0108, M[0x010E] -> 0x0108, 0x0000 -> A
Time 770: PC=0x0122 instruction = 0xF300 (SMA SZA): A -> 0x0000, A -> 0x0000, 0x0124 -> PC
Time 772: PC=0x0124 instruction = 0x0002 (RET): SP -> 0xFFFF, 0x0000 -> SP, M[0x0000] -> 0x0157, 0x0157 -> PC
Time 775: PC=0x0157 instruction = 0x8341 (I LDA): M[0x0141] -> 0x01AB, M[0x01AB] -> 0x008E, 0x008E -> A
Time 776: PC=0x0158 instruction = 0xE2D8 (ADD): D -> 0x0000, A -> 0x008E, 0x008E -> D
Time 777: PC=0x0159 instruction = 0xFEC0 (SMD SNL RSS): D -> 0x008E, 0x015B -> PC
Time 780: PC=0x015B instruction = 0xB141 (ISZ): M[0x0141] -> 0x01AB, 0x01AC -> M[0x0141]
Time 783: PC=0x015C instruction = 0xB13F (ISZ): M[0x013F] -> 0xFFF9, 0xFFFA -> M[0x013F]
Time 784: PC=0x015D instruction = 0xB55F (JMP): 0x015F -> PC
Time 786: PC=0x015F instruction = 0x819E (LDA): M[0x019E] -> 0x019F, 0x019F -> A
Time 788: PC=0x0160 instruction = 0xB901 (CALL): 0x0161 -> M[0x0000], 0xFFFF -> SP, 0x0101 -> PC
Time 790: PC=0x0101 instruction = 0x9100 (STA): A -> 0x019F, 0x019F -> M[0x0100]
Time 793: PC=0x0102 instruction = 0x8300 (I LDA): M[0x0100] -> 0x019F, M[0x019F] -> 0x0020, 0x0020 -> A
Time 794: PC=0x0103 instruction = 0xF140 (SZA RSS): A -> 0x0020, 0x0105 -> PC
Time 795: PC=0x0105 instruction = 0xA020 (IOT 4): A -> 0x0020
Time 798: PC=0x0106 instruction = 0xB100 (ISZ): M[0x0100] -> 0x019F, 0x01A0 -> M[0x0100]
Time 799: PC=0x0107 instruction = 0xB502 (JMP): 0x0102 -> PC
Time 802: PC=0x0102 instruction = 0x8300 (I LDA): M[0x0100] -> 0x01A0, M[0x01A0] -> 0x002B, 0x002B -> A
Time 803: PC=0x0103 instruction = 0xF140 (SZA RSS): A -> 0x002B, 0x0105 -> PC
Time 804: PC=0x0105 instruction = 0xA020 (IOT 4): A -> 0x002B
Time 807: PC=0x0106 instruction = 0xB100 (ISZ): M[0x0100] -> 0x01A0, 0x01A1 -> M[0x0100]
Time 808: PC=0x0107 instruction = 0xB502 (JMP): 0x0102 -> PC
Time 811: PC=0x0102 instruction = 0x8300 (I LDA): M[0x0100] -> 0x01A1, M[0x01A1] -> 0x0020, 0x0020 -> A
Time 812: PC=0x0103 instruction = 0xF140 (SZA RSS): A -> 0x0020, 0x0105 -> PC
Time 813: PC=0x0105 instruction = 0xA020 (IOT 4): A -> 0x0020
Time 816: PC=0x0106 instruction = 0xB100 (ISZ): M[0x0100] -> 0x01A1, 0x01A2 -> M[0x0100]
Time 817: PC=0x0107 instruction = 0xB502 (JMP): 0x0102 -> PC
Time 820: PC=0x0102 instruction = 0x8300 (I LDA): M[0x0100] -> 0x01A2, M[0x01A2] -> 0x0000, 0x0000 -> A
Time 821: PC=0x0103 instruction = 0xF140 (SZA RSS): A -> 0x0000
Time 823: PC=0x0104 instruction = 0x0002 (RET): SP -> 0xFFFF, 0x0000 -> SP, M[0x0000] -> 0x0161, 0x0161 -> PC
Time 824: PC=0x0161 instruction = 0xB555 (JMP): 0x0155 -> PC
Time 827: PC=0x0155 instruction = 0x8341 (I LDA): M[0x0141] -> 0x01AC, M[0x01AC] -> 0x00A1, 0x00A1 -> A
Time 829: PC=0x0156 instruction = 0xB912 (CALL): 0x0157 -> M[0x0000], 0xFFFF -> SP, 0x0112 -> PC
Time 831: PC=0x0112 instruction = 0x850E (LDB): M[0x010E] -> 0x0108, 0x0108 -> B
Time 833: PC=0x0113 instruction = 0x950F (STB): B -> 0x0108, 0x0108 -> M[0x010F]
Time 835: PC=0x0114 instruction = 0x8510 (LDB): M[0x0110] -> 0x000A, 0x000A -> B
Time 836: PC=0x0115 instruction = 0xE081 (MOD): A -> 0x00A1, B -> 0x000A, 0x0001 -> C
Time 838: PC=0x0116 instruction = 0x1911 (ADDC): C -> 0x0001, M[0x0111] -> 0x0030, 0x0031 -> C
Time 841: PC=0x0117 instruction = 0x9B0F (I STC): M[0x010F] -> 0x0108, C -> 0x0031, 0x0031 -> M[0x0108]
Time 844: PC=0x0118 instruction = 0xB10F (ISZ): M[0x010F] -> 0x0108, 0x0109 -> M[0x010F]
Time 845: PC=0x0119 instruction = 0xE801 (DIV): A -> 0x00A1, B -> 0x000A, 0x0010 -> A
Time 846: PC=0x011A instruction = 0xF100 (SZA): A -> 0x0010
Time 847: PC=0x011B instruction = 0xB515 (JMP): 0x0115 -> PC
Time 848: PC=0x0115 instruction = 0xE081 (MOD): A -> 0x0010, B -> 0x000A, 0x0006 -> C
Time 850: PC=0x0116 instruction = 0x1911 (ADDC): C -> 0x0006, M[0x0111] -> 0x0030, 0x0036 -> C
Time 853: PC=0x0117 instruction = 0x9B0F (I STC): M[0x010F] -> 0x0109, C -> 0x0036, 0x0036 -> M[0x0109]
Time 856: PC=0x0118 instruction = 0xB10F (ISZ): M[0x010F] -> 0x0109, 0x010A -> M[0x010F]
Time 857: PC=0x0119 instruction = 0xE801 (DIV): A -> 0x0010, B -> 0x000A, 0x0001 -> A
Time 858: PC=0x011A instruction = 0xF100 (SZA): A -> 0x0001
Time 859: PC=0x011B instruction = 0xB515 (JMP): 0x0115 -> PC
Time 860: PC=0x0115 instruction = 0xE081 (MOD): A -> 0x0001, B -> 0x000A, 0x0001 -> C
Time 862: PC=0x0116 instruction = 0x1911 (ADDC): C -> 0x0001, M[0x0111] -> 0x0030, 0x0031 -> C
Time 865: PC=0x0117 instruction = 0x9B0F (I STC): M[0x010F] -> 0x010A, C -> 0x0031, 0x0031 -> M[0x010A]
Time 868: PC=0x0118 instruction = 0xB10F (ISZ): M[0x010F] -> 0x010A, 0x010B -> M[0x010F]
Time 869: PC=0x0119 instruction = 0xE801 (DIV): A -> 0x0001, B -> 0x000A, 0x0000 -> A
Time 870: PC=0x011A instruction = 0xF100 (SZA): A -> 0x0000, 0x011C -> PC
Time 872: PC=0x011C instruction = 0x810F (LDA): M[0x010F] -> 0x010B, 0x010B -> A
Time 873: PC=0x011D instruction = 0xF002 (DCA): A -> 0x010B, 0x010A -> A
Time 875: PC=0x011E instruction = 0x910F (STA): A -> 0x010A, 0x010A -> M[0x010F]
Time 878: PC=0x011F instruction = 0x8B0F (I LDC): M[0x010F] -> 0x010A, M[0x010A] -> 0x0031, 0x0031 -> C
Time 879: PC=0x0120 instruction = 0xA820 (IOT 4): C -> 0x0031
Time 881: PC=0x0121 instruction = 0x210E (SUBA): A -> 0x010A, M[0x010E] -> 0x0108, 0x0002 -> A
Time 882: PC=0x0122 instruction = 0xF300 (SMA SZA): A -> 0x0002, A -> 0x0002
Time 883: PC=0x0123 instruction = 0xB51C (JMP): 0x011C -> PC
Time 885: PC=0x011C instruction = 0x810F (LDA): M[0x010F] -> 0x010A, 0x010A -> A
Time 886: PC=0x011D instruction = 0xF002 (DCA): A -> 0x010A, 0x0109 -> A
Time 888: PC=0x011E instruction = 0x910F (STA): A -> 0x0109, 0x0109 -> M[0x010F]
Time 891: PC=0x011F instruction = 0x8B0F (I LDC): M[0x010F] -> 0x0109, M[0x0109] -> 0x0036, 0x0036 -> C
Time 892: PC=0x0120 instruction = 0xA820 (IOT 4): C -> 0x0036
Time 894: PC=0x0121 instruction = 0x210E (SUBA): A -> 0x0109, M[0x010E] -> 0x0108, 0x0001 -> A
Time 895: PC=0x0122 instruction = 0xF300 (SMA SZA): A -> 0x0001, A -> 0x0001
Time 896: PC=0x0123 instruction = 0xB51C (JMP): 0x011C -> PC
Time 898: PC=0x011C instruction = 0x810F (LDA): M[0x010F] -> 0x0109, 0x0109 -> A
Time 899: PC=0x011D instruction = 0xF002 (DCA): A -> 0x0109, 0x0108 -> A
Time 901: PC=0x011E instruction = 0x910F (STA): A -> 0x0108, 0x0108 -> M[0x010F]
Time 904: PC=0x011F instruction = 0x8B0F (I LDC): M[0x010F] -> 0x0108, M[0x0108] -> 0x0031, 0x0031 -> C
Time 905: PC=0x0120 instruction = 0xA820 (IOT 4): C -> 0x0031
Time 907: PC=0x0121 instruction = 0x210E (SUBA): A -> 0x0108, M[0x010E] -> 0x0108, 0x0000 -> A
Time 908: PC=0x0122 instruction = 0xF300 (SMA SZA): A -> 0x0000, A -> 0x0000, 0x0124 -> PC
Time 910: PC=0x0124 instruction = 0x0002 (RET): SP -> 0xFFFF, 0x0000 -> SP, M[0x0000] -> 0x0157, 0x0157 -> PC
Time 913: PC=0x0157 instruction = 0x8341 (I LDA): M[0x0141] -> 0x01AC, M[0x01AC] -> 0x00A1, 0x00A1 -> A
Time 914: PC=0x0158 instruction = 0xE2D8 (ADD): D -> 0x008E, A -> 0x00A1, 0x012F -> D
Time 915: PC=0x0159 instruction = 0xFEC0 (SMD SNL RSS): D -> 0x012F, 0x015B -> PC
Time 918: PC=0x015B instruction = 0xB141 (ISZ): M[0x0141] -> 0x01AC, 0x01AD -> M[0x0141]
Time 921: PC=0x015C instruction = 0xB13F (ISZ): M[0x013F] -> 0xFFFA, 0xFFFB -> M[0x013F]
Time 922: PC=0x015D instruction = 0xB55F (JMP): 0x015F -> PC
Time 924: PC=0x015F instruction = 0x819E (LDA): M[0x019E] -> 0x019F, 0x019F -> A
Time 926: PC=0x0160 instruction = 0xB901 (CALL): 0x0161 -> M[0x0000], 0xFFFF -> SP, 0x0101 -> PC
Time 928: PC=0x0101 instruction = 0x9100 (STA): A -> 0x019F, 0x019F -> M[0x0100]
Time 931: PC=0x0102 instruction = 0x8300 (I LDA): M[0x0100] -> 0x019F, M[0x019F] -> 0x0020, 0x0020 -> A
Time 932: PC=0x0103 instruction = 0xF140 (SZA RSS): A -> 0x0020, 0x0105 -> PC
Time 933: PC=0x0105 instruction = 0xA020 (IOT 4): A -> 0x0020
Time 936: PC=0x0106 instruction = 0xB100 (ISZ): M[0x0100] -> 0x019F, 0x01A0 -> M[0x0100]
Time 937: PC=0x0107 instruction = 0xB502 (JMP): 0x0102 -> PC
Time 940: PC=0x0102 instruction = 0x8300 (I LDA): M[0x0100] -> 0x01A0, M[0x01A0] -> 0x002B, 0x002B -> A
Time 941: PC=0x0103 instruction = 0xF140 (SZA RSS): A -> 0x002B, 0x0105 -> PC
Time 942: PC=0x0105 instruction = 0xA020 (IOT 4): A -> 0x002B
Time 945: PC=0x0106 instruction = 0xB100 (ISZ): M[0x0100] -> 0x01A0, 0x01A1 -> M[0x0100]
Time 946: PC=0x0107 instruction = 0xB502 (JMP): 0x0102 -> PC
Time 949: PC=0x0102 instruction = 0x8300 (I LDA): M[0x0100] -> 0x01A1, M[0x01A1] -> 0x0020, 0x0020 -> A
Time 950: PC=0x0103 instruction = 0xF140 (SZA RSS): A -> 0x0020, 0x0105 -> PC
Time 951: PC=0x0105 instruction = 0xA020 (IOT 4): A -> 0x0020
Time 954: PC=0x0106 instruction = 0xB100 (ISZ): M[0x0100] -> 0x01A1, 0x01A2 -> M[0x0100]
Time 955: PC=0x0107 instruction = 0xB502 (JMP): 0x0102 -> PC
Time 958: PC=0x0102 instruction = 0x8300 (I LDA): M[0x0100] -> 0x01A2, M[0x01A2] -> 0x0000, 0x0000 -> A
Time 959: PC=0x0103 instruction = 0xF140 (SZA RSS): A -> 0x0000
Time 961: PC=0x0104 instruction = 0x0002 (RET): SP -> 0xFFFF, 0x0000 -> SP, M[0x0000] -> 0x0161, 0x0161 -> PC
Time 962: PC=0x0161 instruction = 0xB555 (JMP): 0x0155 -> PC
Time 965: PC=0x0155 instruction = 0x8341 (I LDA): M[0x0141] -> 0x01AD, M[0x01AD] -> 0x009B, 0x009B -> A
Time 967: PC=0x0156 instruction = 0xB912 (CALL): 0x0157 -> M[0x0000], 0xFFFF -> SP, 0x0112 -> PC
Time 969: PC=0x0112 instruction = 0x850E (LDB): M[0x010E] -> 0x0108, 0x0108 -> B
Time 971: PC=0x0113 instruction = 0x950F (STB): B -> 0x0108, 0x0108 -> M[0x010F]
Time 973: PC=0x0114 instruction = 0x8510 (LDB): M[0x0110] -> 0x000A, 0x000A -> B
Time 974: PC=0x0115 instruction = 0xE081 (MOD): A -> 0x009B, B -> 0x000A, 0x0005 -> C
Time 976: PC=0x0116 instruction = 0x1911 (ADDC): C -> 0x0005, M[0x0111] -> 0x0030, 0x0035 -> C
Time 979: PC=0x0117 instruction = 0x9B0F (I STC): M[0x010F] -> 0x0108, C -> 0x0035, 0x0035 -> M[0x0108]
Time 982: PC=0x0118 instruction = 0xB10F (ISZ): M[0x010F] -> 0x0108, 0x0109 -> M[0x010F]
Time 983: PC=0x0119 instruction = 0xE801 (DIV): A -> 0x009B, B -> 0x000A, 0x000F -> A
Time 984: PC=0x011A instruction = 0xF100 (SZA): A -> 0x000F
Time 985: PC=0x011B instruction = 0xB515 (JMP): 0x0115 -> PC
Time 986: PC=0x0115 instruction = 0xE081 (MOD): A -> 0x000F, B -> 0x000A, 0x0005 -> C
Time 988: PC=0x0116 instruction = 0x1911 (ADDC): C -> 0x0005, M[0x0111] -> 0x0030, 0x0035 -> C
Time 991: PC=0x0117 instruction = 0x9B0F (I STC): M[0x010F] -> 0x0109, C -> 0x0035, 0x0035 -> M[0x0109]
Time 994: PC=0x0118 instruction = 0xB10F (ISZ): M[0x010F] -> 0x0109, 0x010A -> M[0x010F]
Time 995: PC=0x0119 instruction = 0xE801 (DIV): A -> 0x000F, B -> 0x000A, 0x0001 -> A
Time 996: PC=0x011A instruction = 0xF100 (SZA): A -> 0x0001
Time 997: PC=0x011B instruction = 0xB515 (JMP): 0x0115 -> PC
Time 998: PC=0x0115 instruction = 0xE081 (MOD): A -> 0x0001, B -> 0x000A, 0x0001 -> C
Time 1000: PC=0x0116 instruction = 0x1911 (ADDC): C -> 0x0001, M[0x0111] -> 0x0030, 0x0031 -> C
Time 1003: PC=0x0117 instruction = 0x9B0F (I STC): M[0x010F] -> 0x010A, C -> 0x0031, 0x0031 -> M[0x010A]
Time 1006: PC=0x0118 instruction = 0xB10F (ISZ): M[0x010F] -> 0x010A, 0x010B -> M[0x010F]
Time 1007: PC=0x0119 instruction = 0xE801 (DIV): A -> 0x0001, B -> 0x000A, 0x0000 -> A
Time 1008: PC=0x011A instruction = 0xF100 (SZA): A -> 0x0000, 0x011C -> PC
Time 1010: PC=0x011C instruction = 0x810F (LDA): M[0x010F] -> 0x010B, 0x010B -> A
Time 1011: PC=0x011D instruction = 0xF002 (DCA): A -> 0x010B, 0x010A -> A
Time 1013: PC=0x011E instruction = 0x910F (STA): A -> 0x010A, 0x010A -> M[0x010F]
Time 1016: PC=0x011F instruction = 0x8B0F (I LDC): M[0x010F] -> 0x010A, M[0x010A] -> 0x0031, 0x0031 -> C
Time 1017: PC=0x0120 instruction = 0xA820 (IOT 4): C -> 0x0031
Time 1019: PC=0x0121 instruction = 0x210E (SUBA): A -> 0x010A, M[0x010E] -> 0x0108, 0x0002 -> A
Time 1020: PC=0x0122 instruction = 0xF300 (SMA SZA): A -> 0x0002, A -> 0x0002
Time 1021: PC=0x0123 instruction = 0xB51C (JMP): 0x011C -> PC
Time 1023: PC=0x011C instruction = 0x810F (LDA): M[0x010F] -> 0x010A, 0x010A -> A
Time 1024: PC=0x011D instruction = 0xF002 (DCA): A -> 0x010A, 0x0109 -> A
Time 1026: PC=0x011E instruction = 0x910F (STA): A -> 0x0109, 0x0109 -> M[0x010F]
Time 1029: PC=0x011F instruction = 0x8B0F (I LDC): M[0x010F] -> 0x0109, M[0x0109] -> 0x0035, 0x0035 -> C
Time 1030: PC=0x0120 instruction = 0xA820 (IOT 4): C -> 0x0035
Time 1032: PC=0x0121 instruction = 0x210E (SUBA): A -> 0x0109, M[0x010E] -> 0x0108, 0x0001 -> A
Time 1033: PC=0x0122 instruction = 0xF300 (SMA SZA): A -> 0x0001, A -> 0x0001
Time 1034: PC=0x0123 instruction = 0xB51C (JMP): 0x011C -> PC
Time 1036: PC=0x011C instruction = 0x810F (LDA): M[0x010F] -> 0x0109, 0x0109 -> A
Time 1037: PC=0x011D instruction = 0xF002 (DCA): A -> 0x0109, 0x0108 -> A
Time 1039: PC=0x011E instruction = 0x910F (STA): A -> 0x0108, 0x0108 -> M[0x010F]
Time 1042: PC=0x011F instruction = 0x8B0F (I LDC): M[0x010F] -> 0x0108, M[0x0108] -> 0x0035, 0x0035 -> C
Time 1043: PC=0x0120 instruction = 0xA820 (IOT 4): C -> 0x0035
Time 1045: PC=0x0121 instruction = 0x210E (SUBA): A -> 0x0108, M[0x010E] -> 0x0108, 0x0000 -> A
Time 1046: PC=0x0122 instruction = 0xF300 (SMA SZA): A -> 0x0000, A -> 0x0000, 0x0124 -> PC
Time 1048: PC=0x0124 instruction = 0x0002 (RET): SP -> 0xFFFF, 0x0000 -> SP, M[0x0000] -> 0x0157, 0x0157 -> PC
Time 1051: PC=0x0157 instruction = 0x8341 (I LDA): M[0x0141] -> 0x01AD, M[0x01AD] -> 0x009B, 0x009B -> A
Time 1052: PC=0x0158 instruction = 0xE2D8 (ADD): D -> 0x012F, A -> 0x009B, 0x01CA -> D
Time 1053: PC=0x0159 instruction = 0xFEC0 (SMD SNL RSS): D -> 0x01CA, 0x015B -> PC
Time 1056: PC=0x015B instruction = 0xB141 (ISZ): M[0x0141] -> 0x01AD, 0x01AE -> M[0x0141]
Time 1059: PC=0x015C instruction = 0xB13F (ISZ): M[0x013F] -> 0xFFFB, 0xFFFC -> M[0x013F]
Time 1060: PC=0x015D instruction = 0xB55F (JMP): 0x015F -> PC
Time 1062: PC=0x015F instruction = 0x819E (LDA): M[0x019E] -> 0x019F, 0x019F -> A
Time 1064: PC=0x0160 instruction = 0xB901 (CALL): 0x0161 -> M[0x0000], 0xFFFF -> SP, 0x0101 -> PC
Time 1066: PC=0x0101 instruction = 0x9100 (STA): A -> 0x019F, 0x019F -> M[0x0100]
Time 1069: PC=0x0102 instruction = 0x8300 (I LDA): M[0x0100] -> 0x019F, M[0x019F] -> 0x0020, 0x0020 -> A
Time 1070: PC=0x0103 instruction = 0xF140 (SZA RSS): A -> 0x0020, 0x0105 -> PC
Time 1071: PC=0x0105 instruction = 0xA020 (IOT 4): A -> 0x0020
Time 1074: PC=0x0106 instruction = 0xB100 (ISZ): M[0x0100] -> 0x019F, 0x01A0 -> M[0x0100]
Time 1075: PC=0x0107 instruction = 0xB502 (JMP): 0x0102 -> PC
Time 1078: PC=0x0102 instruction = 0x8300 (I LDA): M[0x0100] -> 0x01A0, M[0x01A0] -> 0x002B, 0x002B -> A
Time 1079: PC=0x0103 instruction = 0xF140 (SZA RSS): A -> 0x002B, 0x0105 -> PC
Time 1080: PC=0x0105 instruction = 0xA020 (IOT 4): A -> 0x002B
Time 1083: PC=0x0106 instruction = 0xB100 (ISZ): M[0x0100] -> 0x01A0, 0x01A1 -> M[0x0100]
Time 1084: PC=0x0107 instruction = 0xB502 (JMP): 0x0102 -> PC
Time 1087: PC=0x0102 instruction = 0x8300 (I LDA): M[0x0100] -> 0x01A1, M[0x01A1] -> 0x0020, 0x0020 -> A
Time 1088: PC=0x0103 instruction = 0xF140 (SZA RSS): A -> 0x0020, 0x0105 -> PC
Time 1089: PC=0x0105 instruction = 0xA020 (IOT 4): A -> 0x0020
Time 1092: PC=0x0106 instruction = 0xB100 (ISZ): M[0x0100] -> 0x01A1, 0x01A2 -> M[0x0100]
Time 1093: PC=0x0107 instruction = 0xB502 (JMP): 0x0102 -> PC
Time 1096: PC=0x0102 instruction = 0x8300 (I LDA): M[0x0100] -> 0x01A2, M[0x01A2] -> 0x0000, 0x0000 -> A
Time 1097: PC=0x0103 instruction = 0xF140 (SZA RSS): A -> 0x0000
Time 1099: PC=0x0104 instruction = 0x0002 (RET): SP -> 0xFFFF, 0x0000 -> SP, M[0x0000] -> 0x0161, 0x0161 -> PC
Time 1100: PC=0x0161 instruction = 0xB555 (JMP): 0x0155 -> PC
Time 1103: PC=0x0155 instruction = 0x8341 (I LDA): M[0x0141] -> 0x01AE, M[0x01AE] -> 0x0094, 0x0094 -> A
Time 1105: PC=0x0156 instruction = 0xB912 (CALL): 0x0157 -> M[0x0000], 0xFFFF -> SP, 0x0112 -> PC
Time 1107: PC=0x0112 instruction = 0x850E (LDB): M[0x010E] -> 0x0108, 0x0108 -> B
Time 1109: PC=0x0113 instruction = 0x950F (STB): B -> 0x0108, 0x0108 -> M[0x010F]
Time 1111: PC=0x0114 instruction = 0x8510 (LDB): M[0x0110] -> 0x000A, 0x000A -> B
Time 1112: PC=0x0115 instruction = 0xE081 (MOD): A -> 0x0094, B -> 0x000A, 0x0008 -> C
Time 1114: PC=0x0116 instruction = 0x1911 (ADDC): C -> 0x0008, M[0x0111] -> 0x0030, 0x0038 -> C
Time 1117: PC=0x0117 instruction = 0x9B0F (I STC): M[0x010F] -> 0x0108, C -> 0x0038, 0x0038 -> M[0x0108]
Time 1120: PC=0x0118 instruction = 0xB10F (ISZ): M[0x010F] -> 0x0108, 0x0109 -> M[0x010F]
Time 1121: PC=0x0119 instruction = 0xE801 (DIV): A -> 0x0094, B -> 0x000A, 0x000E -> A
Time 1122: PC=0x011A instruction = 0xF100 (SZA): A -> 0x000E
Time 1123: PC=0x011B instruction = 0xB515 (JMP): 0x0115 -> PC
Time 1124: PC=0x0115 instruction = 0xE081 (MOD): A -> 0x000E, B -> 0x000A, 0x0004 -> C
Time 1126: PC=0x0116 instruction = 0x1911 (ADDC): C -> 0x0004, M[0x0111] -> 0x0030, 0x0034 -> C
Time 1129: PC=0x0117 instruction = 0x9B0F (I STC): M[0x010F] -> 0x0109, C -> 0x0034, 0x0034 -> M[0x0109]
Time 1132: PC=0x0118 instruction = 0xB10F (ISZ): M[0x010F] -> 0x0109, 0x010A -> M[0x010F]
Time 1133: PC=0x0119 instruction = 0xE801 (DIV): A -> 0x000E, B -> 0x000A, 0x0001 -> A
Time 1134: PC=0x011A instruction = 0xF100 (SZA): A -> 0x0001
Time 1135: PC=0x011B instruction = 0xB515 (JMP): 0x0115 -> PC
Time 1136: PC=0x0115 instruction = 0xE081 (MOD): A -> 0x0001, B -> 0x000A, 0x0001 -> C
Time 1138: PC=0x0116 instruction = 0x1911 (ADDC): C -> 0x0001, M[0x0111] -> 0x0030, 0x0031 -> C
Time 1141: PC=0x0117 instruction = 0x9B0F (I STC): M[0x010F] -> 0x010A, C -> 0x0031, 0x0031 -> M[0x010A]
Time 1144: PC=0x0118 instruction = 0xB10F (ISZ): M[0x010F] -> 0x010A, 0x010B -> M[0x010F]
Time 1145: PC=0x0119 instruction = 0xE801 (DIV): A -> 0x0001, B -> 0x000A, 0x0000 -> A
Time 1146: PC=0x011A instruction = 0xF100 (SZA): A -> 0x0000, 0x011C -> PC
Time 1148: PC=0x011C instruction = 0x810F (LDA): M[0x010F] -> 0x010B, 0x010B -> A
Time 1149: PC=0x011D instruction = 0xF002 (DCA): A -> 0x010B, 0x010A -> A
Time 1151: PC=0x011E instruction = 0x910F (STA): A -> 0x010A, 0x010A -> M[0x010F]
Time 1154: PC=0x011F instruction = 0x8B0F (I LDC): M[0x010F] -> 0x010A, M[0x010A] -> 0x0031, 0x0031 -> C
Time 1155: PC=0x0120 instruction = 0xA820 (IOT 4): C -> 0x0031
Time 1157: PC=0x0121 instruction = 0x210E (SUBA): A -> 0x010A, M[0x010E] -> 0x0108, 0x0002 -> A
Time 1158: PC=0x0122 instruction = 0xF300 (SMA SZA): A -> 0x0002, A -> 0x0002
Time 1159: PC=0x0123 instruction = 0xB51C (JMP): 0x011C -> PC
Time 1161: PC=0x011C instruction = 0x810F (LDA): M[0x010F] -> 0x010A, 0x010A -> A
Time 1162: PC=0x011D instruction = 0xF002 (DCA): A -> 0x010A, 0x0109 -> A
Time 1164: PC=0x011E instruction = 0x910F (STA): A -> 0x0109, 0x0109 -> M[0x010F]
Time 1167: PC=0x011F instruction = 0x8B0F (I LDC): M[0x010F] -> 0x0109, M[0x0109] -> 0x0034, 0x0034 -> C
Time 1168: PC=0x0120 instruction = 0xA820 (IOT 4): C -> 0x0034
Time 1170: PC=0x0121 instruction = 0x210E (SUBA): A -> 0x0109, M[0x010E] -> 0x0108, 0x0001 -> A
Time 1171: PC=0x0122 instruction = 0xF300 (SMA SZA): A -> 0x0001, A -> 0x0001
Time 1172: PC=0x0123 instruction = 0xB51C (JMP): 0x011C -> PC
Time 1174: PC=0x011C instruction = 0x810F (LDA): M[0x010F] -> 0x0109, 0x0109 -> A
Time 1175: PC=0x011D instruction = 0xF002 (DCA): A -> 0x0109, 0x0108 -> A
Time 1177: PC=0x011E instruction = 0x910F (STA): A -> 0x0108, 0x0108 -> M[0x010F]
Time 1180: PC=0x011F instruction = 0x8B0F (I LDC): M[0x010F] -> 0x0108, M[0x0108] -> 0x0038, 0x0038 -> C
Time 1181: PC=0x0120 instruction = 0xA820 (IOT 4): C -> 0x0038
Time 1183: PC=0x0121 instruction = 0x210E (SUBA): A -> 0x0108, M[0x010E] -> 0x0108, 0x0000 -> A
Time 1184: PC=0x0122 instruction = 0xF300 (SMA SZA): A -> 0x0000, A -> 0x0000, 0x0124 -> PC
Time 1186: PC=0x0124 instruction = 0x0002 (RET): SP -> 0xFFFF, 0x0000 -> SP, M[0x0000] -> 0x0157, 0x0157 -> PC
Time 1189: PC=0x0157 instruction = 0x8341 (I LDA): M[0x0141] -> 0x01AE, M[0x01AE] -> 0x0094, 0x0094 -> A
Time 1190: PC=0x0158 instruction = 0xE2D8 (ADD): D -> 0x01CA, A -> 0x0094, 0x025E -> D
Time 1191: PC=0x0159 instruction = 0xFEC0 (SMD SNL RSS): D -> 0x025E, 0x015B -> PC
Time 1194: PC=0x015B instruction = 0xB141 (ISZ): M[0x0141] -> 0x01AE, 0x01AF -> M[0x0141]
Time 1197: PC=0x015C instruction = 0xB13F (ISZ): M[0x013F] -> 0xFFFC, 0xFFFD -> M[0x013F]
Time 1198: PC=0x015D instruction = 0xB55F (JMP): 0x015F -> PC
Time 1200: PC=0x015F instruction = 0x819E (LDA): M[0x019E] -> 0x019F, 0x019F -> A
Time 1202: PC=0x0160 instruction = 0xB901 (CALL): 0x0161 -> M[0x0000], 0xFFFF -> SP, 0x0101 -> PC
Time 1204: PC=0x0101 instruction = 0x9100 (STA): A -> 0x019F, 0x019F -> M[0x0100]
Time 1207: PC=0x0102 instruction = 0x8300 (I LDA): M[0x0100] -> 0x019F, M[0x019F] -> 0x0020, 0x0020 -> A
Time 1208: PC=0x0103 instruction = 0xF140 (SZA RSS): A -> 0x0020, 0x0105 -> PC
Time 1209: PC=0x0105 instruction = 0xA020 (IOT 4): A -> 0x0020
Time 1212: PC=0x0106 instruction = 0xB100 (ISZ): M[0x0100] -> 0x019F, 0x01A0 -> M[0x0100]
Time 1213: PC=0x0107 instruction = 0xB502 (JMP): 0x0102 -> PC
Time 1216: PC=0x0102 instruction = 0x8300 (I LDA): M[0x0100] -> 0x01A0, M[0x01A0] -> 0x002B, 0x002B -> A
Time 1217: PC=0x0103 instruction = 0xF140 (SZA RSS): A -> 0x002B, 0x0105 -> PC
Time 1218: PC=0x0105 instruction = 0xA020 (IOT 4): A -> 0x002B
Time 1221: PC=0x0106 instruction = 0xB100 (ISZ): M[0x0100] -> 0x01A0, 0x01A1 -> M[0x0100]
Time 1222: PC=0x0107 instruction = 0xB502 (JMP): 0x0102 -> PC
Time 1225: PC=0x0102 instruction = 0x8300 (I LDA): M[0x0100] -> 0x01A1, M[0x01A1] -> 0x0020, 0x0020 -> A
Time 1226: PC=0x0103 instruction = 0xF140 (SZA RSS): A -> 0x0020, 0x0105 -> PC
Time 1227: PC=0x0105 instruction = 0xA020 (IOT 4): A -> 0x0020
Time 1230: PC=0x0106 instruction = 0xB100 (ISZ): M[0x0100] -> 0x01A1, 0x01A2 -> M[0x0100]
Time 1231: PC=0x0107 instruction = 0xB502 (JMP): 0x0102 -> PC
Time 1234: PC=0x0102 instruction = 0x8300 (I LDA): M[0x0100] -> 0x01A2, M[0x01A2] -> 0x0000, 0x0000 -> A
Time 1235: PC=0x0103 instruction = 0xF140 (SZA RSS): A -> 0x0000
Time 1237: PC=0x0104 instruction = 0x0002 (RET): SP -> 0xFFFF, 0x0000 -> SP, M[0x0000] -> 0x0161, 0x0161 -> PC
Time 1238: PC=0x0161 instruction = 0xB555 (JMP): 0x0155 -> PC
Time 1241: PC=0x0155 instruction = 0x8341 (I LDA): M[0x0141] -> 0x01AF, M[0x01AF] -> 0x009E, 0x009E -> A
Time 1243: PC=0x0156 instruction = 0xB912 (CALL): 0x0157 -> M[0x0000], 0xFFFF -> SP, 0x0112 -> PC
Time 1245: PC=0x0112 instruction = 0x850E (LDB): M[0x010E] -> 0x0108, 0x0108 -> B
Time 1247: PC=0x0113 instruction = 0x950F (STB): B -> 0x0108, 0x0108 -> M[0x010F]
Time 1249: PC=0x0114 instruction = 0x8510 (LDB): M[0x0110] -> 0x000A, 0x000A -> B
Time 1250: PC=0x0115 instruction = 0xE081 (MOD): A -> 0x009E, B -> 0x000A, 0x0008 -> C
Time 1252: PC=0x0116 instruction = 0x1911 (ADDC): C -> 0x0008, M[0x0111] -> 0x0030, 0x0038 -> C
Time 1255: PC=0x0117 instruction = 0x9B0F (I STC): M[0x010F] -> 0x0108, C -> 0x0038, 0x0038 -> M[0x0108]
Time 1258: PC=0x0118 instruction = 0xB10F (ISZ): M[0x010F] -> 0x0108, 0x0109 -> M[0x010F]
Time 1259: PC=0x0119 instruction = 0xE801 (DIV): A -> 0x009E, B -> 0x000A, 0x000F -> A
Time 1260: PC=0x011A instruction = 0xF100 (SZA): A -> 0x000F
Time 1261: PC=0x011B instruction = 0xB515 (JMP): 0x0115 -> PC
Time 1262: PC=0x0115 instruction = 0xE081 (MOD): A -> 0x000F, B -> 0x000A, 0x0005 -> C
Time 1264: PC=0x0116 instruction = 0x1911 (ADDC): C -> 0x0005, M[0x0111] -> 0x0030, 0x0035 -> C
Time 1267: PC=0x0117 instruction = 0x9B0F (I STC): M[0x010F] -> 0x0109, C -> 0x0035, 0x0035 -> M[0x0109]
Time 1270: PC=0x0118 instruction = 0xB10F (ISZ): M[0x010F] -> 0x0109, 0x010A -> M[0x010F]
Time 1271: PC=0x0119 instruction = 0xE801 (DIV): A -> 0x000F, B -> 0x000A, 0x0001 -> A
Time 1272: PC=0x011A instruction = 0xF100 (SZA): A -> 0x0001
Time 1273: PC=0x011B instruction = 0xB515 (JMP): 0x0115 -> PC
Time 1274: PC=0x0115 instruction = 0xE081 (MOD): A -> 0x0001, B -> 0x000A, 0x0001 -> C
Time 1276: PC=0x0116 instruction = 0x1911 (ADDC): C -> 0x0001, M[0x0111] -> 0x0030, 0x0031 -> C
Time 1279: PC=0x0117 instruction = 0x9B0F (I STC): M[0x010F] -> 0x010A, C -> 0x0031, 0x0031 -> M[0x010A]
Time 1282: PC=0x0118 instruction = 0xB10F (ISZ): M[0x010F] -> 0x010A, 0x010B -> M[0x010F]
Time 1283: PC=0x0119 instruction = 0xE801 (DIV): A -> 0x0001, B -> 0x000A, 0x0000 -> A
Time 1284: PC=0x011A instruction = 0xF100 (SZA): A -> 0x0000, 0x011C -> PC
Time 1286: PC=0x011C instruction = 0x810F (LDA): M[0x010F] -> 0x010B, 0x010B -> A
Time 1287: PC=0x011D instruction = 0xF002 (DCA): A -> 0x010B, 0x010A -> A
Time 1289: PC=0x011E instruction = 0x910F (STA): A -> 0x010A, 0x010A -> M[0x010F]
Time 1292: PC=0x011F instruction = 0x8B0F (I LDC): M[0x010F] -> 0x010A, M[0x010A] -> 0x0031, 0x0031 -> C
Time 1293: PC=0x0120 instruction = 0xA820 (IOT 4): C -> 0x0031
Time 1295: PC=0x0121 instruction = 0x210E (SUBA): A -> 0x010A, M[0x010E] -> 0x0108, 0x0002 -> A
Time 1296: PC=0x0122 instruction = 0xF300 (SMA SZA): A -> 0x0002, A -> 0x0002
Time 1297: PC=0x0123 instruction = 0xB51C (JMP): 0x011C -> PC
Time 1299: PC=0x011C instruction = 0x810F (LDA): M[0x010F] -> 0x010A, 0x010A -> A
Time 1300: PC=0x011D instruction = 0xF002 (DCA): A -> 0x010A, 0x0109 -> A
Time 1302: PC=0x011E instruction = 0x910F (STA): A -> 0x0109, 0x0109 -> M[0x010F]
Time 1305: PC=0x011F instruction = 0x8B0F (I LDC): M[0x010F] -> 0x0109, M[0x0109] -> 0x0035, 0x0035 -> C
Time 1306: PC=0x0120 instruction = 0xA820 (IOT 4): C -> 0x0035
Time 1308: PC=0x0121 instruction = 0x210E (SUBA): A -> 0x0109, M[0x010E] -> 0x0108, 0x0001 -> A
Time 1309: PC=0x0122 instruction = 0xF300 (SMA SZA): A -> 0x0001, A -> 0x0001
Time 1310: PC=0x0123 instruction = 0xB51C (JMP): 0x011C -> PC
Time 1312: PC=0x011C instruction = 0x810F (LDA): M[0x010F] -> 0x0109, 0x0109 -> A
Time 1313: PC=0x011D instruction = 0xF002 (DCA): A -> 0x0109, 0x0108 -> A
Time 1315: PC=0x011E instruction = 0x910F (STA): A -> 0x0108, 0x0108 -> M[0x010F]
Time 1318: PC=0x011F instruction = 0x8B0F (I LDC): M[0x010F] -> 0x0108, M[0x0108] -> 0x0038, 0x0038 -> C
Time 1319: PC=0x0120 instruction = 0xA820 (IOT 4): C -> 0x0038
Time 1321: PC=0x0121 instruction = 0x210E (SUBA): A -> 0x0108, M[0x010E] -> 0x0108, 0x0000 -> A
Time 1322: PC=0x0122 instruction = 0xF300 (SMA SZA): A -> 0x0000, A -> 0x0000, 0x0124 -> PC
Time 1324: PC=0x0124 instruction = 0x0002 (RET): SP -> 0xFFFF, 0x0000 -> SP, M[0x0000] -> 0x0157, 0x0157 -> PC
Time 1327: PC=0x0157 instruction = 0x8341 (I LDA): M[0x0141] -> 0x01AF, M[0x01AF] -> 0x009E, 0x009E -> A
Time 1328: PC=0x0158 instruction = 0xE2D8 (ADD): D -> 0x025E, A -> 0x009E, 0x02FC -> D
Time 1329: PC=0x0159 instruction = 0xFEC0 (SMD SNL RSS): D -> 0x02FC, 0x015B -> PC
Time 1332: PC=0x015B instruction = 0xB141 (ISZ): M[0x0141] -> 0x01AF, 0x01B0 -> M[0x0141]
Time 1335: PC=0x015C instruction = 0xB13F (ISZ): M[0x013F] -> 0xFFFD, 0xFFFE -> M[0x013F]
Time 1336: PC=0x015D instruction = 0xB55F (JMP): 0x015F -> PC
Time 1338: PC=0x015F instruction = 0x819E (LDA): M[0x019E] -> 0x019F, 0x019F -> A
Time 1340: PC=0x0160 instruction = 0xB901 (CALL): 0x0161 -> M[0x0000], 0xFFFF -> SP, 0x0101 -> PC
Time 1342: PC=0x0101 instruction = 0x9100 (STA): A -> 0x019F, 0x019F -> M[0x0100]
Time 1345: PC=0x0102 instruction = 0x8300 (I LDA): M[0x0100] -> 0x019F, M[0x019F] -> 0x0020, 0x0020 -> A
Time 1346: PC=0x0103 instruction = 0xF140 (SZA RSS): A -> 0x0020, 0x0105 -> PC
Time 1347: PC=0x0105 instruction = 0xA020 (IOT 4): A -> 0x0020
Time 1350: PC=0x0106 instruction = 0xB100 (ISZ): M[0x0100] -> 0x019F, 0x01A0 -> M[0x0100]
Time 1351: PC=0x0107 instruction = 0xB502 (JMP): 0x0102 -> PC
Time 1354: PC=0x0102 instruction = 0x8300 (I LDA): M[0x0100] -> 0x01A0, M[0x01A0] -> 0x002B, 0x002B -> A
Time 1355: PC=0x0103 instruction = 0xF140 (SZA RSS): A -> 0x002B, 0x0105 -> PC
Time 1356: PC=0x0105 instruction = 0xA020 (IOT 4): A -> 0x002B
Time 1359: PC=0x0106 instruction = 0xB100 (ISZ): M[0x0100] -> 0x01A0, 0x01A1 -> M[0x0100]
Time 1360: PC=0x0107 instruction = 0xB502 (JMP): 0x0102 -> PC
Time 1363: PC=0x0102 instruction = 0x8300 (I LDA): M[0x0100] -> 0x01A1, M[0x01A1] -> 0x0020, 0x0020 -> A
Time 1364: PC=0x0103 instruction = 0xF140 (SZA RSS): A -> 0x0020, 0x0105 -> PC
Time 1365: PC=0x0105 instruction = 0xA020 (IOT 4): A -> 0x0020
Time 1368: PC=0x0106 instruction = 0xB100 (ISZ): M[0x0100] -> 0x01A1, 0x01A2 -> M[0x0100]
Time 1369: PC=0x0107 instruction = 0xB502 (JMP): 0x0102 -> PC
Time 1372: PC=0x0102 instruction = 0x8300 (I LDA): M[0x0100] -> 0x01A2, M[0x01A2] -> 0x0000, 0x0000 -> A
Time 1373: PC=0x0103 instruction = 0xF140 (SZA RSS): A -> 0x0000
Time 1375: PC=0x0104 instruction = 0x0002 (RET): SP -> 0xFFFF, 0x0000 -> SP, M[0x0000] -> 0x0161, 0x0161 -> PC
Time 1376: PC=0x0161 instruction = 0xB555 (JMP): 0x0155 -> PC
Time 1379: PC=0x0155 instruction = 0x8341 (I LDA): M[0x0141] -> 0x01B0, M[0x01B0] -> 0x0083, 0x0083 -> A
Time 1381: PC=0x0156 instruction = 0xB912 (CALL): 0x0157 -> M[0x0000], 0xFFFF -> SP, 0x0112 -> PC
Time 1383: PC=0x0112 instruction = 0x850E (LDB): M[0x010E] -> 0x0108, 0x0108 -> B
Time 1385: PC=0x0113 instruction = 0x950F (STB): B -> 0x0108, 0x0108 -> M[0x010F]
Time 1387: PC=0x0114 instruction = 0x8510 (LDB): M[0x0110] -> 0x000A, 0x000A -> B
Time 1388: PC=0x0115 instruction = 0xE081 (MOD): A -> 0x0083, B -> 0x000A, 0x0001 -> C
Time 1390: PC=0x0116 instruction = 0x1911 (ADDC): C -> 0x0001, M[0x0111] -> 0x0030, 0x0031 -> C
Time 1393: PC=0x0117 instruction = 0x9B0F (I STC): M[0x010F] -> 0x0108, C -> 0x0031, 0x0031 -> M[0x0108]
Time 1396: PC=0x0118 instruction = 0xB10F (ISZ): M[0x010F] -> 0x0108, 0x0109 -> M[0x010F]
Time 1397: PC=0x0119 instruction = 0xE801 (DIV): A -> 0x0083, B -> 0x000A, 0x000D -> A
Time 1398: PC=0x011A instruction = 0xF100 (SZA): A -> 0x000D
Time 1399: PC=0x011B instruction = 0xB515 (JMP): 0x0115 -> PC
Time 1400: PC=0x0115 instruction = 0xE081 (MOD): A -> 0x000D, B -> 0x000A, 0x0003 -> C
Time 1402: PC=0x0116 instruction = 0x1911 (ADDC): C -> 0x0003, M[0x0111] -> 0x0030, 0x0033 -> C
Time 1405: PC=0x0117 instruction = 0x9B0F (I STC): M[0x010F] -> 0x0109, C -> 0x0033, 0x0033 -> M[0x0109]
Time 1408: PC=0x0118 instruction = 0xB10F (ISZ): M[0x010F] -> 0x0109, 0x010A -> M[0x010F]
Time 1409: PC=0x0119 instruction = 0xE801 (DIV): A -> 0x000D, B -> 0x000A, 0x0001 -> A
Time 1410: PC=0x011A instruction = 0xF100 (SZA): A -> 0x0001
Time 1411: PC=0x011B instruction = 0xB515 (JMP): 0x0115 -> PC
Time 1412: PC=0x0115 instruction = 0xE081 (MOD): A -> 0x0001, B -> 0x000A, 0x0001 -> C
Time 1414: PC=0x0116 instruction = 0x1911 (ADDC): C -> 0x0001, M[0x0111] -> 0x0030, 0x0031 -> C
Time 1417: PC=0x0117 instruction = 0x9B0F (I STC): M[0x010F] -> 0x010A, C -> 0x0031, 0x0031 -> M[0x010A]
Time 1420: PC=0x0118 instruction = 0xB10F (ISZ): M[0x010F] -> 0x010A, 0x010B -> M[0x010F]
Time 1421: PC=0x0119 instruction = 0xE801 (DIV): A -> 0x0001, B -> 0x000A, 0x0000 -> A
Time 1422: PC=0x011A instruction = 0xF100 (SZA): A -> 0x0000, 0x011C -> PC
Time 1424: PC=0x011C instruction = 0x810F (LDA): M[0x010F] -> 0x010B, 0x010B -> A
Time 1425: PC=0x011D instruction = 0xF002 (DCA): A -> 0x010B, 0x010A -> A
Time 1427: PC=0x011E instruction = 0x910F (STA): A -> 0x010A, 0x010A -> M[0x010F]
Time 1430: PC=0x011F instruction = 0x8B0F (I LDC): M[0x010F] -> 0x010A, M[0x010A] -> 0x0031, 0x0031 -> C
Time 1431: PC=0x0120 instruction = 0xA820 (IOT 4): C -> 0x0031
Time 1433: PC=0x0121 instruction = 0x210E (SUBA): A -> 0x010A, M[0x010E] -> 0x0108, 0x0002 -> A
Time 1434: PC=0x0122 instruction = 0xF300 (SMA SZA): A -> 0x0002, A -> 0x0002
Time 1435: PC=0x0123 instruction = 0xB51C (JMP): 0x011C -> PC
Time 1437: PC=0x011C instruction = 0x810F (LDA): M[0x010F] -> 0x010A, 0x010A -> A
Time 1438: PC=0x011D instruction = 0xF002 (DCA): A -> 0x010A, 0x0109 -> A
Time 1440: PC=0x011E instruction = 0x910F (STA): A -> 0x0109, 0x0109 -> M[0x010F]
Time 1443: PC=0x011F instruction = 0x8B0F (I LDC): M[0x010F] -> 0x0109, M[0x0109] -> 0x0033, 0x0033 -> C
Time 1444: PC=0x0120 instruction = 0xA820 (IOT 4): C -> 0x0033
Time 1446: PC=0x0121 instruction = 0x210E (SUBA): A -> 0x0109, M[0x010E] -> 0x0108, 0x0001 -> A
Time 1447: PC=0x0122 instruction = 0xF300 (SMA SZA): A -> 0x0001, A -> 0x0001
Time 1448: PC=0x0123 instruction = 0xB51C (JMP): 0x011C -> PC
Time 1450: PC=0x011C instruction = 0x810F (LDA): M[0x010F] -> 0x0109, 0x0109 -> A
Time 1451: PC=0x011D instruction = 0xF002 (DCA): A -> 0x0109, 0x0108 -> A
Time 1453: PC=0x011E instruction = 0x910F (STA): A -> 0x0108, 0x0108 -> M[0x010F]
Time 1456: PC=0x011F instruction = 0x8B0F (I LDC): M[0x010F] -> 0x0108, M[0x0108] -> 0x0031, 0x0031 -> C
Time 1457: PC=0x0120 instruction = 0xA820 (IOT 4): C -> 0x0031
Time 1459: PC=0x0121 instruction = 0x210E (SUBA): A -> 0x0108, M[0x010E] -> 0x0108, 0x0000 -> A
Time 1460: PC=0x0122 instruction = 0xF300 (SMA SZA): A -> 0x0000, A -> 0x0000, 0x0124 -> PC
Time 1462: PC=0x0124 instruction = 0x0002 (RET): SP -> 0xFFFF, 0x0000 -> SP, M[0x0000] -> 0x0157, 0x0157 -> PC
Time 1465: PC=0x0157 instruction = 0x8341 (I LDA): M[0x0141] -> 0x01B0, M[0x01B0] -> 0x0083, 0x0083 -> A
Time 1466: PC=0x0158 instruction = 0xE2D8 (ADD): D -> 0x02FC, A -> 0x0083, 0x037F -> D
Time 1467: PC=0x0159 instruction = 0xFEC0 (SMD SNL RSS): D -> 0x037F, 0x015B -> PC
Time 1470: PC=0x015B instruction = 0xB141 (ISZ): M[0x0141] -> 0x01B0, 0x01B1 -> M[0x0141]
Time 1473: PC=0x015C instruction = 0xB13F (ISZ): M[0x013F] -> 0xFFFE, 0xFFFF -> M[0x013F]
Time 1474: PC=0x015D instruction = 0xB55F (JMP): 0x015F -> PC
Time 1476: PC=0x015F instruction = 0x819E (LDA): M[0x019E] -> 0x019F, 0x019F -> A
Time 1478: PC=0x0160 instruction = 0xB901 (CALL): 0x0161 -> M[0x0000], 0xFFFF -> SP, 0x0101 -> PC
Time 1480: PC=0x0101 instruction = 0x9100 (STA): A -> 0x019F, 0x019F -> M[0x0100]
Time 1483: PC=0x0102 instruction = 0x8300 (I LDA): M[0x0100] -> 0x019F, M[0x019F] -> 0x0020, 0x0020 -> A
Time 1484: PC=0x0103 instruction = 0xF140 (SZA RSS): A -> 0x0020, 0x0105 -> PC
Time 1485: PC=0x0105 instruction = 0xA020 (IOT 4): A -> 0x0020
Time 1488: PC=0x0106 instruction = 0xB100 (ISZ): M[0x0100] -> 0x019F, 0x01A0 -> M[0x0100]
Time 1489: PC=0x0107 instruction = 0xB502 (JMP): 0x0102 -> PC
Time 1492: PC=0x0102 instruction = 0x8300 (I LDA): M[0x0100] -> 0x01A0, M[0x01A0] -> 0x002B, 0x002B -> A
Time 1493: PC=0x0103 instruction = 0xF140 (SZA RSS): A -> 0x002B, 0x0105 -> PC
Time 1494: PC=0x0105 instruction = 0xA020 (IOT 4): A -> 0x002B
Time 1497: PC=0x0106 instruction = 0xB100 (ISZ): M[0x0100] -> 0x01A0, 0x01A1 -> M[0x0100]
Time 1498: PC=0x0107 instruction = 0xB502 (JMP): 0x0102 -> PC
Time 1501: PC=0x0102 instruction = 0x8300 (I LDA): M[0x0100] -> 0x01A1, M[0x01A1] -> 0x0020, 0x0020 -> A
Time 1502: PC=0x0103 instruction = 0xF140 (SZA RSS): A -> 0x0020, 0x0105 -> PC
Time 1503: PC=0x0105 instruction = 0xA020 (IOT 4): A -> 0x0020
Time 1506: PC=0x0106 instruction = 0xB100 (ISZ): M[0x0100] -> 0x01A1, 0x01A2 -> M[0x0100]
Time 1507: PC=0x0107 instruction = 0xB502 (JMP): 0x0102 -> PC
Time 1510: PC=0x0102 instruction = 0x8300 (I LDA): M[0x0100] -> 0x01A2, M[0x01A2] -> 0x0000, 0x0000 -> A
Time 1511: PC=0x0103 instruction = 0xF140 (SZA RSS): A -> 0x0000
Time 1513: PC=0x0104 instruction = 0x0002 (RET): SP -> 0xFFFF, 0x0000 -> SP, M[0x0000] -> 0x0161, 0x0161 -> PC
Time 1514: PC=0x0161 instruction = 0xB555 (JMP): 0x0155 -> PC
Time 1517: PC=0x0155 instruction = 0x8341 (I LDA): M[0x0141] -> 0x01B1, M[0x01B1] -> 0x0064, 0x0064 -> A
Time 1519: PC=0x0156 instruction = 0xB912 (CALL): 0x0157 -> M[0x0000], 0xFFFF -> SP, 0x0112 -> PC
Time 1521: PC=0x0112 instruction = 0x850E (LDB): M[0x010E] -> 0x0108, 0x0108 -> B
Time 1523: PC=0x0113 instruction = 0x950F (STB): B -> 0x0108, 0x0108 -> M[0x010F]
Time 1525: PC=0x0114 instruction = 0x8510 (LDB): M[0x0110] -> 0x000A, 0x000A -> B
Time 1526: PC=0x0115 instruction = 0xE081 (MOD): A -> 0x0064, B -> 0x000A, 0x0000 -> C
Time 1528: PC=0x0116 instruction = 0x1911 (ADDC): C -> 0x0000, M[0x0111] -> 0x0030, 0x0030 -> C
Time 1531: PC=0x0117 instruction = 0x9B0F (I STC): M[0x010F] -> 0x0108, C -> 0x0030, 0x0030 -> M[0x0108]
Time 1534: PC=0x0118 instruction = 0xB10F (ISZ): M[0x010F] -> 0x0108, 0x0109 -> M[0x010F]
Time 1535: PC=0x0119 instruction = 0xE801 (DIV): A -> 0x0064, B -> 0x000A, 0x000A -> A
Time 1536: PC=0x011A instruction = 0xF100 (SZA): A -> 0x000A
Time 1537: PC=0x011B instruction = 0xB515 (JMP): 0x0115 -> PC
Time 1538: PC=0x0115 instruction = 0xE081 (MOD): A -> 0x000A, B -> 0x000A, 0x0000 -> C
Time 1540: PC=0x0116 instruction = 0x1911 (ADDC): C -> 0x0000, M[0x0111] -> 0x0030, 0x0030 -> C
Time 1543: PC=0x0117 instruction = 0x9B0F (I STC): M[0x010F] -> 0x0109, C -> 0x0030, 0x0030 -> M[0x0109]
Time 1546: PC=0x0118 instruction = 0xB10F (ISZ): M[0x010F] -> 0x0109, 0x010A -> M[0x010F]
Time 1547: PC=0x0119 instruction = 0xE801 (DIV): A -> 0x000A, B -> 0x000A, 0x0001 -> A
Time 1548: PC=0x011A instruction = 0xF100 (SZA): A -> 0x0001
Time 1549: PC=0x011B instruction = 0xB515 (JMP): 0x0115 -> PC
Time 1550: PC=0x0115 instruction = 0xE081 (MOD): A -> 0x0001, B -> 0x000A, 0x0001 -> C
Time 1552: PC=0x0116 instruction = 0x1911 (ADDC): C -> 0x0001, M[0x0111] -> 0x0030, 0x0031 -> C
Time 1555: PC=0x0117 instruction = 0x9B0F (I STC): M[0x010F] -> 0x010A, C -> 0x0031, 0x0031 -> M[0x010A]
Time 1558: PC=0x0118 instruction = 0xB10F (ISZ): M[0x010F] -> 0x010A, 0x010B -> M[0x010F]
Time 1559: PC=0x0119 instruction = 0xE801 (DIV): A -> 0x0001, B -> 0x000A, 0x0000 -> A
Time 1560: PC=0x011A instruction = 0xF100 (SZA): A -> 0x0000, 0x011C -> PC
Time 1562: PC=0x011C instruction = 0x810F (LDA): M[0x010F] -> 0x010B, 0x010B -> A
Time 1563: PC=0x011D instruction = 0xF002 (DCA): A -> 0x010B, 0x010A -> A
Time 1565: PC=0x011E instruction = 0x910F (STA): A -> 0x010A, 0x010A -> M[0x010F]
Time 1568: PC=0x011F instruction = 0x8B0F (I LDC): M[0x010F] -> 0x010A, M[0x010A] -> 0x0031, 0x0031 -> C
Time 1569: PC=0x0120 instruction = 0xA820 (IOT 4): C -> 0x0031
Time 1571: PC=0x0121 instruction = 0x210E (SUBA): A -> 0x010A, M[0x010E] -> 0x0108, 0x0002 -> A
Time 1572: PC=0x0122 instruction = 0xF300 (SMA SZA): A -> 0x0002, A -> 0x0002
Time 1573: PC=0x0123 instruction = 0xB51C (JMP): 0x011C -> PC
Time 1575: PC=0x011C instruction = 0x810F (LDA): M[0x010F] -> 0x010A, 0x010A -> A
Time 1576: PC=0x011D instruction = 0xF002 (DCA): A -> 0x010A, 0x0109 -> A
Time 1578: PC=0x011E instruction = 0x910F (STA): A -> 0x0109, 0x0109 -> M[0x010F]
Time 1581: PC=0x011F instruction = 0x8B0F (I LDC): M[0x010F] -> 0x0109, M[0x0109] -> 0x0030, 0x0030 -> C
Time 1582: PC=0x0120 instruction = 0xA820 (IOT 4): C -> 0x0030
Time 1584: PC=0x0121 instruction = 0x210E (SUBA): A -> 0x0109, M[0x010E] -> 0x0108, 0x0001 -> A
Time 1585: PC=0x0122 instruction = 0xF300 (SMA SZA): A -> 0x0001, A -> 0x0001
Time 1586: PC=0x0123 instruction = 0xB51C (JMP): 0x011C -> PC
Time 1588: PC=0x011C instruction = 0x810F (LDA): M[0x010F] -> 0x0109, 0x0109 -> A
Time 1589: PC=0x011D instruction = 0xF002 (DCA): A -> 0x0109, 0x0108 -> A
Time 1591: PC=0x011E instruction = 0x910F (STA): A -> 0x0108, 0x0108 -> M[0x010F]
Time 1594: PC=0x011F instruction = 0x8B0F (I LDC): M[0x010F] -> 0x0108, M[0x0108] -> 0x0030, 0x0030 -> C
Time 1595: PC=0x0120 instruction = 0xA820 (IOT 4): C -> 0x0030
Time 1597: PC=0x0121 instruction = 0x210E (SUBA): A -> 0x0108, M[0x010E] -> 0x0108, 0x0000 -> A
Time 1598: PC=0x0122 instruction = 0xF300 (SMA SZA): A -> 0x0000, A -> 0x0000, 0x0124 -> PC
Time 1600: PC=0x0124 instruction = 0x0002 (RET): SP -> 0xFFFF, 0x0000 -> SP, M[0x0000] -> 0x0157, 0x0157 -> PC
Time 1603: PC=0x0157 instruction = 0x8341 (I LDA): M[0x0141] -> 0x01B1, M[0x01B1] -> 0x0064, 0x0064 -> A
Time 1604: PC=0x0158 instruction = 0xE2D8 (ADD): D -> 0x037F, A -> 0x0064, 0x03E3 -> D
Time 1605: PC=0x0159 instruction = 0xFEC0 (SMD SNL RSS): D -> 0x03E3, 0x015B -> PC
Time 1608: PC=0x015B instruction = 0xB141 (ISZ): M[0x0141] -> 0x01B1, 0x01B2 -> M[0x0141]
Time 1611: PC=0x015C instruction = 0xB13F (ISZ): M[0x013F] -> 0xFFFF, 0x0000 -> M[0x013F], 0x015E -> PC
Time 1612: PC=0x015E instruction = 0xB562 (JMP): 0x0162 -> PC
Time 1614: PC=0x0162 instruction = 0x81A3 (LDA): M[0x01A3] -> 0x01A4, 0x01A4 -> A
Time 1616: PC=0x0163 instruction = 0xB901 (CALL): 0x0164 -> M[0x0000], 0xFFFF -> SP, 0x0101 -> PC
Time 1618: PC=0x0101 instruction = 0x9100 (STA): A -> 0x01A4, 0x01A4 -> M[0x0100]
Time 1621: PC=0x0102 instruction = 0x8300 (I LDA): M[0x0100] -> 0x01A4, M[0x01A4] -> 0x0020, 0x0020 -> A
Time 1622: PC=0x0103 instruction = 0xF140 (SZA RSS): A -> 0x0020, 0x0105 -> PC
Time 1623: PC=0x0105 instruction = 0xA020 (IOT 4): A -> 0x0020
Time 1626: PC=0x0106 instruction = 0xB100 (ISZ): M[0x0100] -> 0x01A4, 0x01A5 -> M[0x0100]
Time 1627: PC=0x0107 instruction = 0xB502 (JMP): 0x0102 -> PC
Time 1630: PC=0x0102 instruction = 0x8300 (I LDA): M[0x0100] -> 0x01A5, M[0x01A5] -> 0x003D, 0x003D -> A
Time 1631: PC=0x0103 instruction = 0xF140 (SZA RSS): A -> 0x003D, 0x0105 -> PC
Time 1632: PC=0x0105 instruction = 0xA020 (IOT 4): A -> 0x003D
Time 1635: PC=0x0106 instruction = 0xB100 (ISZ): M[0x0100] -> 0x01A5, 0x01A6 -> M[0x0100]
Time 1636: PC=0x0107 instruction = 0xB502 (JMP): 0x0102 -> PC
Time 1639: PC=0x0102 instruction = 0x8300 (I LDA): M[0x0100] -> 0x01A6, M[0x01A6] -> 0x0020, 0x0020 -> A
Time 1640: PC=0x0103 instruction = 0xF140 (SZA RSS): A -> 0x0020, 0x0105 -> PC
Time 1641: PC=0x0105 instruction = 0xA020 (IOT 4): A -> 0x0020
Time 1644: PC=0x0106 instruction = 0xB100 (ISZ): M[0x0100] -> 0x01A6, 0x01A7 -> M[0x0100]
Time 1645: PC=0x0107 instruction = 0xB502 (JMP): 0x0102 -> PC
Time 1648: PC=0x0102 instruction = 0x8300 (I LDA): M[0x0100] -> 0x01A7, M[0x01A7] -> 0x0000, 0x0000 -> A
Time 1649: PC=0x0103 instruction = 0xF140 (SZA RSS): A -> 0x0000
Time 1651: PC=0x0104 instruction = 0x0002 (RET): SP -> 0xFFFF, 0x0000 -> SP, M[0x0000] -> 0x0164, 0x0164 -> PC
Time 1652: PC=0x0164 instruction = 0xEA1B (AND): D -> 0x03E3, D -> 0x03E3, 0x03E3 -> A
Time 1654: PC=0x0165 instruction = 0xB912 (CALL): 0x0166 -> M[0x0000], 0xFFFF -> SP, 0x0112 -> PC
Time 1656: PC=0x0112 instruction = 0x850E (LDB): M[0x010E] -> 0x0108, 0x0108 -> B
Time 1658: PC=0x0113 instruction = 0x950F (STB): B -> 0x0108, 0x0108 -> M[0x010F]
Time 1660: PC=0x0114 instruction = 0x8510 (LDB): M[0x0110] -> 0x000A, 0x000A -> B
Time 1661: PC=0x0115 instruction = 0xE081 (MOD): A -> 0x03E3, B -> 0x000A, 0x0005 -> C
Time 1663: PC=0x0116 instruction = 0x1911 (ADDC): C -> 0x0005, M[0x0111] -> 0x0030, 0x0035 -> C
Time 1666: PC=0x0117 instruction = 0x9B0F (I STC): M[0x010F] -> 0x0108, C -> 0x0035, 0x0035 -> M[0x0108]
Time 1669: PC=0x0118 instruction = 0xB10F (ISZ): M[0x010F] -> 0x0108, 0x0109 -> M[0x010F]
Time 1670: PC=0x0119 instruction = 0xE801 (DIV): A -> 0x03E3, B -> 0x000A, 0x0063 -> A
Time 1671: PC=0x011A instruction = 0xF100 (SZA): A -> 0x0063
Time 1672: PC=0x011B instruction = 0xB515 (JMP): 0x0115 -> PC
Time 1673: PC=0x0115 instruction = 0xE081 (MOD): A -> 0x0063, B -> 0x000A, 0x0009 -> C
Time 1675: PC=0x0116 instruction = 0x1911 (ADDC): C -> 0x0009, M[0x0111] -> 0x0030, 0x0039 -> C
Time 1678: PC=0x0117 instruction = 0x9B0F (I STC): M[0x010F] -> 0x0109, C -> 0x0039, 0x0039 -> M[0x0109]
Time 1681: PC=0x0118 instruction = 0xB10F (ISZ): M[0x010F] -> 0x0109, 0x010A -> M[0x010F]
Time 1682: PC=0x0119 instruction = 0xE801 (DIV): A -> 0x0063, B -> 0x000A, 0x0009 -> A
Time 1683: PC=0x011A instruction = 0xF100 (SZA): A -> 0x0009
Time 1684: PC=0x011B instruction = 0xB515 (JMP): 0x0115 -> PC
Time 1685: PC=0x0115 instruction = 0xE081 (MOD): A -> 0x0009, B -> 0x000A, 0x0009 -> C
Time 1687: PC=0x0116 instruction = 0x1911 (ADDC): C -> 0x0009, M[0x0111] -> 0x0030, 0x0039 -> C
Time 1690: PC=0x0117 instruction = 0x9B0F (I STC): M[0x010F] -> 0x010A, C -> 0x0039, 0x0039 -> M[0x010A]
Time 1693: PC=0x0118 instruction = 0xB10F (ISZ): M[0x010F] -> 0x010A, 0x010B -> M[0x010F]
Time 1694: PC=0x0119 instruction = 0xE801 (DIV): A -> 0x0009, B -> 0x000A, 0x0000 -> A
Time 1695: PC=0x011A instruction = 0xF100 (SZA): A -> 0x0000, 0x011C -> PC
Time 1697: PC=0x011C instruction = 0x810F (LDA): M[0x010F] -> 0x010B, 0x010B -> A
Time 1698: PC=0x011D instruction = 0xF002 (DCA): A -> 0x010B, 0x010A -> A
Time 1700: PC=0x011E instruction = 0x910F (STA): A -> 0x010A, 0x010A -> M[0x010F]
Time 1703: PC=0x011F instruction = 0x8B0F (I LDC): M[0x010F] -> 0x010A, M[0x010A] -> 0x0039, 0x0039 -> C
Time 1704: PC=0x0120 instruction = 0xA820 (IOT 4): C -> 0x0039
Time 1706: PC=0x0121 instruction = 0x210E (SUBA): A -> 0x010A, M[0x010E] -> 0x0108, 0x0002 -> A
Time 1707: PC=0x0122 instruction = 0xF300 (SMA SZA): A -> 0x0002, A -> 0x0002
Time 1708: PC=0x0123 instruction = 0xB51C (JMP): 0x011C -> PC
Time 1710: PC=0x011C instruction = 0x810F (LDA): M[0x010F] -> 0x010A, 0x010A -> A
Time 1711: PC=0x011D instruction = 0xF002 (DCA): A -> 0x010A, 0x0109 -> A
Time 1713: PC=0x011E instruction = 0x910F (STA): A -> 0x0109, 0x0109 -> M[0x010F]
Time 1716: PC=0x011F instruction = 0x8B0F (I LDC): M[0x010F] -> 0x0109, M[0x0109] -> 0x0039, 0x0039 -> C
Time 1717: PC=0x0120 instruction = 0xA820 (IOT 4): C -> 0x0039
Time 1719: PC=0x0121 instruction = 0x210E (SUBA): A -> 0x0109, M[0x010E] -> 0x0108, 0x0001 -> A
Time 1720: PC=0x0122 instruction = 0xF300 (SMA SZA): A -> 0x0001, A -> 0x0001
Time 1721: PC=0x0123 instruction = 0xB51C (JMP): 0x011C -> PC
Time 1723: PC=0x011C instruction = 0x810F (LDA): M[0x010F] -> 0x0109, 0x0109 -> A
Time 1724: PC=0x011D instruction = 0xF002 (DCA): A -> 0x0109, 0x0108 -> A
Time 1726: PC=0x011E instruction = 0x910F (STA): A -> 0x0108, 0x0108 -> M[0x010F]
Time 1729: PC=0x011F instruction = 0x8B0F (I LDC): M[0x010F] -> 0x0108, M[0x0108] -> 0x0035, 0x0035 -> C
Time 1730: PC=0x0120 instruction = 0xA820 (IOT 4): C -> 0x0035
Time 1732: PC=0x0121 instruction = 0x210E (SUBA): A -> 0x0108, M[0x010E] -> 0x0108, 0x0000 -> A
Time 1733: PC=0x0122 instruction = 0xF300 (SMA SZA): A -> 0x0000, A -> 0x0000, 0x0124 -> PC
Time 1735: PC=0x0124 instruction = 0x0002 (RET): SP -> 0xFFFF, 0x0000 -> SP, M[0x0000] -> 0x0166, 0x0166 -> PC
Time 1737: PC=0x0166 instruction = 0x81A8 (LDA): M[0x01A8] -> 0x01A9, 0x01A9 -> A
Time 1739: PC=0x0167 instruction = 0xB901 (CALL): 0x0168 -> M[0x0000], 0xFFFF -> SP, 0x0101 -> PC
Time 1741: PC=0x0101 instruction = 0x9100 (STA): A -> 0x01A9, 0x01A9 -> M[0x0100]
Time 1744: PC=0x0102 instruction = 0x8300 (I LDA): M[0x0100] -> 0x01A9, M[0x01A9] -> 0x000A, 0x000A -> A
Time 1745: PC=0x0103 instruction = 0xF140 (SZA RSS): A -> 0x000A, 0x0105 -> PC
Time 1746: PC=0x0105 instruction = 0xA020 (IOT 4): A -> 0x000A
Time 1749: PC=0x0106 instruction = 0xB100 (ISZ): M[0x0100] -> 0x01A9, 0x01AA -> M[0x0100]
Time 1750: PC=0x0107 instruction = 0xB502 (JMP): 0x0102 -> PC
Time 1753: PC=0x0102 instruction = 0x8300 (I LDA): M[0x0100] -> 0x01AA, M[0x01AA] -> 0x0000, 0x0000 -> A
Time 1754: PC=0x0103 instruction = 0xF140 (SZA RSS): A -> 0x0000
Time 1756: PC=0x0104 instruction = 0x0002 (RET): SP -> 0xFFFF, 0x0000 -> SP, M[0x0000] -> 0x0168, 0x0168 -> PC
Time 1757: PC=0x0168 instruction = 0x0001 (HLT): 0x0000 -> PSW
